{
  "stats": {
    "suites": 12,
    "tests": 36,
    "passes": 18,
    "pending": 0,
    "failures": 18,
    "start": "2023-02-27T07:26:32.716Z",
    "end": "2023-02-27T07:26:41.627Z",
    "duration": 8911,
    "testsRegistered": 36,
    "passPercent": 50,
    "pendingPercent": 0,
    "other": 0,
    "hasOther": false,
    "skipped": 0,
    "hasSkipped": false
  },
  "results": [
    {
      "uuid": "5b0cbe07-c39f-41a7-b883-db81138db78a",
      "title": "",
      "fullFile": "cypress\\e2e\\scoring\\scoring.cy.js",
      "file": "cypress\\e2e\\scoring\\scoring.cy.js",
      "beforeHooks": [],
      "afterHooks": [],
      "tests": [],
      "suites": [
        {
          "uuid": "4b508062-2bb7-4adc-9d84-a7a195eff7e7",
          "title": "0001",
          "fullFile": "",
          "file": "",
          "beforeHooks": [],
          "afterHooks": [],
          "tests": [],
          "suites": [
            {
              "uuid": "50148ef1-a2bb-4a02-b67f-be23563ae1ab",
              "title": "Block/structural semantics",
              "fullFile": "",
              "file": "",
              "beforeHooks": [],
              "afterHooks": [],
              "tests": [
                {
                  "title": "Have Doctype",
                  "fullTitle": "0001 Block/structural semantics Have Doctype",
                  "timedOut": null,
                  "duration": 129,
                  "state": "passed",
                  "speed": "fast",
                  "pass": true,
                  "fail": false,
                  "pending": false,
                  "context": null,
                  "code": "cy.document().then(doc => {\n  expect(doc.doctype !== undefined).to.eq(true);\n  expect(doc.doctype.name).to.eq(\"html\");\n});",
                  "err": {},
                  "uuid": "5c1ffcc1-d2d1-41f3-bc3e-ec967b7608b3",
                  "parentUUID": "50148ef1-a2bb-4a02-b67f-be23563ae1ab",
                  "isHook": false,
                  "skipped": false
                },
                {
                  "title": "Heading organization",
                  "fullTitle": "0001 Block/structural semantics Heading organization",
                  "timedOut": null,
                  "duration": 98,
                  "state": "passed",
                  "speed": "fast",
                  "pass": true,
                  "fail": false,
                  "pending": false,
                  "context": null,
                  "code": "cy.get(\"h1\").should(\"contain\", \"Re: Eileen Dover university application\");\ncy.get(\"h2\").should(\"contain\", \"Starting dates\");\ncy.get(\"h2\").should(\"contain\", \"Subjects of study\");\ncy.get(\"h2\").should(\"contain\", \"Exotic dance moves\");",
                  "err": {},
                  "uuid": "88f66cb6-8d7f-400a-93be-3ce62aa662ed",
                  "parentUUID": "50148ef1-a2bb-4a02-b67f-be23563ae1ab",
                  "isHook": false,
                  "skipped": false
                },
                {
                  "title": "Use list type to mark up list in letter",
                  "fullTitle": "0001 Block/structural semantics Use list type to mark up list in letter",
                  "timedOut": null,
                  "duration": 110,
                  "state": "passed",
                  "speed": "fast",
                  "pass": true,
                  "fail": false,
                  "pending": false,
                  "context": null,
                  "code": "const list = [\"First semester: 9 September 2016\", \"Second semester: 15 January 2017\", \"Third semester: 2 May 2017\", \"Turning H2O into wine, and the health benefits of Resveratrol (C14H12O3.)\", \"Measuring the effect on performance of funk bassplayers at temperatures exceeding 30°C (86°F), when the audience size exponentially increases (effect of 3 × 103 increasing to 3 × 104.)\", \"HTML and CSS constructs for representing musical scores.\"];\nconst description_list = [\"Polynesian chicken dance\", \"Icelandic brownian shuffle\", \"Arctic robot dance\"];\nlist.forEach(item => {\n  cy.contains(\"li\", item);\n});\ndescription_list.forEach(item => {\n  cy.contains(\"dt\", item);\n});",
                  "err": {},
                  "uuid": "dbc984b9-01c4-4660-a907-190f9dc8cc19",
                  "parentUUID": "50148ef1-a2bb-4a02-b67f-be23563ae1ab",
                  "isHook": false,
                  "skipped": false
                },
                {
                  "title": "Put addresses inside <address> elements",
                  "fullTitle": "0001 Block/structural semantics Put addresses inside <address> elements",
                  "timedOut": null,
                  "duration": 94,
                  "state": "passed",
                  "speed": "fast",
                  "pass": true,
                  "fail": false,
                  "pending": false,
                  "context": null,
                  "code": "const addresses = [\"Awesome Science faculty\", \"University of Awesome\", \"Bobtown, CA 99999,\", \"USA\", \"4321 Cliff Top Edge\", \"Dover, CT9 XXX\", \"UK\"];\naddresses.forEach(item => {\n  cy.contains(\"address\", item);\n});\ncy.get(\"address\").find(\"br\");",
                  "err": {},
                  "uuid": "7dd127eb-f211-45d7-9f6c-57986a81d91c",
                  "parentUUID": "50148ef1-a2bb-4a02-b67f-be23563ae1ab",
                  "isHook": false,
                  "skipped": false
                }
              ],
              "suites": [],
              "passes": [
                "5c1ffcc1-d2d1-41f3-bc3e-ec967b7608b3",
                "88f66cb6-8d7f-400a-93be-3ce62aa662ed",
                "dbc984b9-01c4-4660-a907-190f9dc8cc19",
                "7dd127eb-f211-45d7-9f6c-57986a81d91c"
              ],
              "failures": [],
              "pending": [],
              "skipped": [],
              "duration": 431,
              "root": false,
              "rootEmpty": false,
              "_timeout": 2000
            },
            {
              "uuid": "6a3d7959-b463-43f5-8ff4-e0b04e6d0c37",
              "title": "Inline semantics",
              "fullFile": "",
              "file": "",
              "beforeHooks": [],
              "afterHooks": [],
              "tests": [
                {
                  "title": "Strong importance text",
                  "fullTitle": "0001 Inline semantics Strong importance text",
                  "timedOut": null,
                  "duration": 97,
                  "state": "passed",
                  "speed": "fast",
                  "pass": true,
                  "fail": false,
                  "pending": false,
                  "context": null,
                  "code": "cy.get(\"strong\").should(\"contain\", \"Tel:\");\ncy.get(\"strong\").should(\"contain\", \"Email:\");\ncy.get(\"strong\").should(\"contain\", \"Dr Eleanor Gaye\");\ncy.get(\"strong\").should(\"contain\", \"Miss Eileen Dover\");",
                  "err": {},
                  "uuid": "9d93c300-0b59-46e8-b6a7-cfab215a4ae6",
                  "parentUUID": "6a3d7959-b463-43f5-8ff4-e0b04e6d0c37",
                  "isHook": false,
                  "skipped": false
                },
                {
                  "title": "Date must be in <time> tag",
                  "fullTitle": "0001 Inline semantics Date must be in <time> tag",
                  "timedOut": null,
                  "duration": 164,
                  "state": "failed",
                  "speed": null,
                  "pass": false,
                  "fail": true,
                  "pending": false,
                  "context": null,
                  "code": "const dates = [\"20 January 2016\", \"9 September 2016\", \"15 January 2017\", \"2 May 2017\"];\ndates.forEach(item => {\n  cy.contains(\"time\", item, {\n    timeout: 100\n  });\n});",
                  "err": {
                    "message": "AssertionError: Timed out retrying after 100ms: Expected to find content: '20 January 2016' within the selector: 'time' but never did.",
                    "estack": "AssertionError: Timed out retrying after 100ms: Expected to find content: '20 January 2016' within the selector: 'time' but never did.\n    at eval (webpack:///./cypress/e2e/problems/Letter.cy.js:98:13)\nat Array.forEach (<anonymous>)\n    at Context.eval (webpack:///./cypress/e2e/problems/Letter.cy.js:97:14)",
                    "diff": null
                  },
                  "uuid": "2eb96274-9fb7-499f-8af3-bf339cc7bde2",
                  "parentUUID": "6a3d7959-b463-43f5-8ff4-e0b04e6d0c37",
                  "isHook": false,
                  "skipped": false
                },
                {
                  "title": "Class sender-column",
                  "fullTitle": "0001 Inline semantics Class sender-column",
                  "timedOut": null,
                  "duration": 77,
                  "state": "passed",
                  "speed": "fast",
                  "pass": true,
                  "fail": false,
                  "pending": false,
                  "context": null,
                  "code": "cy.get(\"address\").first().then($firstAdd => {\n  cy.get(\".sender-column\").children(\"address\").should($add => {\n    expect($firstAdd[0] == $add[0]).to.eq(true);\n  });\n});\ncy.get(\".sender-column\").should(\"contain\", \"20 January 2016\");",
                  "err": {},
                  "uuid": "4e8efb27-c709-4144-8d80-2cb835415eaf",
                  "parentUUID": "6a3d7959-b463-43f5-8ff4-e0b04e6d0c37",
                  "isHook": false,
                  "skipped": false
                },
                {
                  "title": "Check abbreviation",
                  "fullTitle": "0001 Inline semantics Check abbreviation",
                  "timedOut": null,
                  "duration": 288,
                  "state": "failed",
                  "speed": null,
                  "pass": false,
                  "fail": true,
                  "pending": false,
                  "context": null,
                  "code": "const abbreviations = [\"PhD\", \"HTML\", \"CSS\", \"BC\", \"Esq\"];\nconst titles = [\"Doctor of Philosophy\", \"HyperText Markup Language\", \"Cascading Style Sheets\", \"Before Christ\", \"Esquire\"];\nabbreviations.forEach((item, index) => {\n  console.log(\"hello\", titles[index]);\n  cy.get(\"abbr\", {\n    timeout: 100\n  }).eq(index).should(\"contain\", item).and(\"have.attr\", \"title\", titles[index]);\n});",
                  "err": {
                    "message": "AssertionError: Timed out retrying after 200ms: expected '<abbr>' to have attribute 'title' with the value 'Cascading Style Sheets', but the value was ''",
                    "estack": "AssertionError: Timed out retrying after 200ms: expected '<abbr>' to have attribute 'title' with the value 'Cascading Style Sheets', but the value was ''\n    at eval (webpack:///./cypress/e2e/problems/Letter.cy.js:131:13)\nat Array.forEach (<anonymous>)\n    at Context.eval (webpack:///./cypress/e2e/problems/Letter.cy.js:126:22)",
                    "diff": "+ 'Cascading Style Sheets'\n"
                  },
                  "uuid": "ae3c99ad-1449-4c00-9ff1-11c1619ec60e",
                  "parentUUID": "6a3d7959-b463-43f5-8ff4-e0b04e6d0c37",
                  "isHook": false,
                  "skipped": false
                },
                {
                  "title": "Sub/superscripts",
                  "fullTitle": "0001 Inline semantics Sub/superscripts",
                  "timedOut": null,
                  "duration": 100,
                  "state": "passed",
                  "speed": "fast",
                  "pass": true,
                  "fail": false,
                  "pending": false,
                  "context": null,
                  "code": "const subscripts = [\"2\", \"14\", \"12\", \"3\"];\nconst superscripts = [\"4\", \"3\"];\nsubscripts.forEach(item => {\n  cy.contains(\"sub\", item);\n});\nsuperscripts.forEach(item => {\n  cy.contains(\"sup\", item);\n});",
                  "err": {},
                  "uuid": "d9c317d7-1c75-495d-aeba-c734f2c65b8d",
                  "parentUUID": "6a3d7959-b463-43f5-8ff4-e0b04e6d0c37",
                  "isHook": false,
                  "skipped": false
                },
                {
                  "title": "Hyperlink",
                  "fullTitle": "0001 Inline semantics Hyperlink",
                  "timedOut": null,
                  "duration": 263,
                  "state": "failed",
                  "speed": null,
                  "pass": false,
                  "fail": true,
                  "pending": false,
                  "context": null,
                  "code": "const links = [\"important university dates\", \"exotic dance research page\"];\nlinks.forEach((item, index) => {\n  cy.get(\"a\").eq(index).should(\"contain\", item).and(\"have.attr\", \"href\");\n});",
                  "err": {
                    "message": "AssertionError: Timed out retrying after 200ms: expected '<a>' to have attribute 'href'",
                    "estack": "AssertionError: Timed out retrying after 200ms: expected '<a>' to have attribute 'href'\n    at eval (webpack:///./cypress/e2e/problems/Letter.cy.js:157:13)\nat Array.forEach (<anonymous>)\n    at Context.eval (webpack:///./cypress/e2e/problems/Letter.cy.js:153:14)",
                    "diff": null
                  },
                  "uuid": "d942e05b-1266-462c-9dc8-2b738bfbb543",
                  "parentUUID": "6a3d7959-b463-43f5-8ff4-e0b04e6d0c37",
                  "isHook": false,
                  "skipped": false
                },
                {
                  "title": "Quote",
                  "fullTitle": "0001 Inline semantics Quote",
                  "timedOut": null,
                  "duration": 292,
                  "state": "failed",
                  "speed": null,
                  "pass": false,
                  "fail": true,
                  "pending": false,
                  "context": null,
                  "code": "cy.contains(\"q\", \"Be awesome to each other.\");",
                  "err": {
                    "message": "AssertionError: Timed out retrying after 200ms: Expected to find content: 'Be awesome to each other.' within the selector: 'q' but never did.",
                    "estack": "AssertionError: Timed out retrying after 200ms: Expected to find content: 'Be awesome to each other.' within the selector: 'q' but never did.\n    at Context.eval (webpack:///./cypress/e2e/problems/Letter.cy.js:162:11)",
                    "diff": null
                  },
                  "uuid": "8e2ff985-7b1e-4736-a5e1-9afe4d5d3229",
                  "parentUUID": "6a3d7959-b463-43f5-8ff4-e0b04e6d0c37",
                  "isHook": false,
                  "skipped": false
                }
              ],
              "suites": [],
              "passes": [
                "9d93c300-0b59-46e8-b6a7-cfab215a4ae6",
                "4e8efb27-c709-4144-8d80-2cb835415eaf",
                "d9c317d7-1c75-495d-aeba-c734f2c65b8d"
              ],
              "failures": [
                "2eb96274-9fb7-499f-8af3-bf339cc7bde2",
                "ae3c99ad-1449-4c00-9ff1-11c1619ec60e",
                "d942e05b-1266-462c-9dc8-2b738bfbb543",
                "8e2ff985-7b1e-4736-a5e1-9afe4d5d3229"
              ],
              "pending": [],
              "skipped": [],
              "duration": 1281,
              "root": false,
              "rootEmpty": false,
              "_timeout": 2000
            },
            {
              "uuid": "0d9daa7b-7188-47b3-8042-5b8c8cad155a",
              "title": "The head of the document",
              "fullFile": "",
              "file": "",
              "beforeHooks": [],
              "afterHooks": [],
              "tests": [
                {
                  "title": "Meta data",
                  "fullTitle": "0001 The head of the document Meta data",
                  "timedOut": null,
                  "duration": 339,
                  "state": "failed",
                  "speed": null,
                  "pass": false,
                  "fail": true,
                  "pending": false,
                  "context": null,
                  "code": "cy.get(\"meta\").should(\"have.attr\", \"charset\", \"utf-8\");\ncy.get(\"link\").should(\"have.attr\", \"rel\", \"stylesheet\");\ncy.get(\"meta\").should(\"have.attr\", \"name\", \"author\");",
                  "err": {
                    "message": "AssertionError: Timed out retrying after 200ms: expected '<meta>' to have attribute 'name'",
                    "estack": "AssertionError: Timed out retrying after 200ms: expected '<meta>' to have attribute 'name'\n    at Context.eval (webpack:///./cypress/e2e/problems/Letter.cy.js:170:23)",
                    "diff": null
                  },
                  "uuid": "04b8ab42-06c4-4859-8607-138df3c38fb4",
                  "parentUUID": "0d9daa7b-7188-47b3-8042-5b8c8cad155a",
                  "isHook": false,
                  "skipped": false
                }
              ],
              "suites": [],
              "passes": [],
              "failures": [
                "04b8ab42-06c4-4859-8607-138df3c38fb4"
              ],
              "pending": [],
              "skipped": [],
              "duration": 339,
              "root": false,
              "rootEmpty": false,
              "_timeout": 2000
            }
          ],
          "passes": [],
          "failures": [],
          "pending": [],
          "skipped": [],
          "duration": 0,
          "root": false,
          "rootEmpty": false,
          "_timeout": 2000
        },
        {
          "uuid": "61aa2736-52c4-4f79-98ee-549f329faa2d",
          "title": "0002",
          "fullFile": "",
          "file": "",
          "beforeHooks": [],
          "afterHooks": [],
          "tests": [],
          "suites": [
            {
              "uuid": "96f5afd2-fdc2-4b28-8642-8ff527c286de",
              "title": "Block/structural semantics",
              "fullFile": "",
              "file": "",
              "beforeHooks": [],
              "afterHooks": [],
              "tests": [
                {
                  "title": "Have Doctype",
                  "fullTitle": "0002 Block/structural semantics Have Doctype",
                  "timedOut": null,
                  "duration": 102,
                  "state": "passed",
                  "speed": "fast",
                  "pass": true,
                  "fail": false,
                  "pending": false,
                  "context": null,
                  "code": "cy.document().then(doc => {\n  expect(doc.doctype !== undefined).to.eq(true);\n  expect(doc.doctype.name).to.eq(\"html\");\n});",
                  "err": {},
                  "uuid": "381d80da-cd24-4d1f-bf13-f0d4eef83c4f",
                  "parentUUID": "96f5afd2-fdc2-4b28-8642-8ff527c286de",
                  "isHook": false,
                  "skipped": false
                },
                {
                  "title": "Heading organization",
                  "fullTitle": "0002 Block/structural semantics Heading organization",
                  "timedOut": null,
                  "duration": 89,
                  "state": "passed",
                  "speed": "fast",
                  "pass": true,
                  "fail": false,
                  "pending": false,
                  "context": null,
                  "code": "cy.get(\"h1\").should(\"contain\", \"Re: Eileen Dover university application\");\ncy.get(\"h2\").should(\"contain\", \"Starting dates\");\ncy.get(\"h2\").should(\"contain\", \"Subjects of study\");\ncy.get(\"h2\").should(\"contain\", \"Exotic dance moves\");",
                  "err": {},
                  "uuid": "128a9a1b-d7fe-49db-bf05-e36f12848fdc",
                  "parentUUID": "96f5afd2-fdc2-4b28-8642-8ff527c286de",
                  "isHook": false,
                  "skipped": false
                },
                {
                  "title": "Use list type to mark up list in letter",
                  "fullTitle": "0002 Block/structural semantics Use list type to mark up list in letter",
                  "timedOut": null,
                  "duration": 269,
                  "state": "failed",
                  "speed": null,
                  "pass": false,
                  "fail": true,
                  "pending": false,
                  "context": null,
                  "code": "const list = [\"First semester: 9 September 2016\", \"Second semester: 15 January 2017\", \"Third semester: 2 May 2017\", \"Turning H2O into wine, and the health benefits of Resveratrol (C14H12O3.)\", \"Measuring the effect on performance of funk bassplayers at temperatures exceeding 30°C (86°F), when the audience size exponentially increases (effect of 3 × 103 increasing to 3 × 104.)\", \"HTML and CSS constructs for representing musical scores.\"];\nconst description_list = [\"Polynesian chicken dance\", \"Icelandic brownian shuffle\", \"Arctic robot dance\"];\nlist.forEach(item => {\n  cy.contains(\"li\", item);\n});\ndescription_list.forEach(item => {\n  cy.contains(\"dt\", item);\n});",
                  "err": {
                    "message": "AssertionError: Timed out retrying after 200ms: Expected to find content: 'Second semester: 15 January 2017' within the selector: 'li' but never did.",
                    "estack": "AssertionError: Timed out retrying after 200ms: Expected to find content: 'Second semester: 15 January 2017' within the selector: 'li' but never did.\n    at eval (webpack:///./cypress/e2e/problems/Letter.cy.js:50:15)\nat Array.forEach (<anonymous>)\n    at Context.eval (webpack:///./cypress/e2e/problems/Letter.cy.js:49:15)",
                    "diff": null
                  },
                  "uuid": "9995c6e6-50df-496e-b307-75e1e96210c4",
                  "parentUUID": "96f5afd2-fdc2-4b28-8642-8ff527c286de",
                  "isHook": false,
                  "skipped": false
                },
                {
                  "title": "Put addresses inside <address> elements",
                  "fullTitle": "0002 Block/structural semantics Put addresses inside <address> elements",
                  "timedOut": null,
                  "duration": 113,
                  "state": "passed",
                  "speed": "fast",
                  "pass": true,
                  "fail": false,
                  "pending": false,
                  "context": null,
                  "code": "const addresses = [\"Awesome Science faculty\", \"University of Awesome\", \"Bobtown, CA 99999,\", \"USA\", \"4321 Cliff Top Edge\", \"Dover, CT9 XXX\", \"UK\"];\naddresses.forEach(item => {\n  cy.contains(\"address\", item);\n});\ncy.get(\"address\").find(\"br\");",
                  "err": {},
                  "uuid": "14b546d2-8bb6-4c53-bfb4-ffdfc0a69689",
                  "parentUUID": "96f5afd2-fdc2-4b28-8642-8ff527c286de",
                  "isHook": false,
                  "skipped": false
                }
              ],
              "suites": [],
              "passes": [
                "381d80da-cd24-4d1f-bf13-f0d4eef83c4f",
                "128a9a1b-d7fe-49db-bf05-e36f12848fdc",
                "14b546d2-8bb6-4c53-bfb4-ffdfc0a69689"
              ],
              "failures": [
                "9995c6e6-50df-496e-b307-75e1e96210c4"
              ],
              "pending": [],
              "skipped": [],
              "duration": 573,
              "root": false,
              "rootEmpty": false,
              "_timeout": 2000
            },
            {
              "uuid": "57e3ed2b-242d-4e33-a30e-4f3c05f29cc4",
              "title": "Inline semantics",
              "fullFile": "",
              "file": "",
              "beforeHooks": [],
              "afterHooks": [],
              "tests": [
                {
                  "title": "Strong importance text",
                  "fullTitle": "0002 Inline semantics Strong importance text",
                  "timedOut": null,
                  "duration": 301,
                  "state": "failed",
                  "speed": null,
                  "pass": false,
                  "fail": true,
                  "pending": false,
                  "context": null,
                  "code": "cy.get(\"strong\").should(\"contain\", \"Tel:\");\ncy.get(\"strong\").should(\"contain\", \"Email:\");\ncy.get(\"strong\").should(\"contain\", \"Dr Eleanor Gaye\");\ncy.get(\"strong\").should(\"contain\", \"Miss Eileen Dover\");",
                  "err": {
                    "message": "AssertionError: Timed out retrying after 200ms: expected '[ <strong>, 3 more... ]' to contain 'Dr Eleanor Gaye'",
                    "estack": "AssertionError: Timed out retrying after 200ms: expected '[ <strong>, 3 more... ]' to contain 'Dr Eleanor Gaye'\n    at Context.eval (webpack:///./cypress/e2e/problems/Letter.cy.js:85:25)",
                    "diff": null
                  },
                  "uuid": "df5adb02-9f4c-429d-9210-fae5df7773fd",
                  "parentUUID": "57e3ed2b-242d-4e33-a30e-4f3c05f29cc4",
                  "isHook": false,
                  "skipped": false
                },
                {
                  "title": "Date must be in <time> tag",
                  "fullTitle": "0002 Inline semantics Date must be in <time> tag",
                  "timedOut": null,
                  "duration": 195,
                  "state": "failed",
                  "speed": null,
                  "pass": false,
                  "fail": true,
                  "pending": false,
                  "context": null,
                  "code": "const dates = [\"20 January 2016\", \"9 September 2016\", \"15 January 2017\", \"2 May 2017\"];\ndates.forEach(item => {\n  cy.contains(\"time\", item, {\n    timeout: 100\n  });\n});",
                  "err": {
                    "message": "AssertionError: Timed out retrying after 100ms: Expected to find content: '15 January 2017' within the selector: 'time' but never did.",
                    "estack": "AssertionError: Timed out retrying after 100ms: Expected to find content: '15 January 2017' within the selector: 'time' but never did.\n    at eval (webpack:///./cypress/e2e/problems/Letter.cy.js:98:13)\nat Array.forEach (<anonymous>)\n    at Context.eval (webpack:///./cypress/e2e/problems/Letter.cy.js:97:14)",
                    "diff": null
                  },
                  "uuid": "fd020b17-af97-417d-a74a-078da4720f69",
                  "parentUUID": "57e3ed2b-242d-4e33-a30e-4f3c05f29cc4",
                  "isHook": false,
                  "skipped": false
                },
                {
                  "title": "Class sender-column",
                  "fullTitle": "0002 Inline semantics Class sender-column",
                  "timedOut": null,
                  "duration": 102,
                  "state": "passed",
                  "speed": "fast",
                  "pass": true,
                  "fail": false,
                  "pending": false,
                  "context": null,
                  "code": "cy.get(\"address\").first().then($firstAdd => {\n  cy.get(\".sender-column\").children(\"address\").should($add => {\n    expect($firstAdd[0] == $add[0]).to.eq(true);\n  });\n});\ncy.get(\".sender-column\").should(\"contain\", \"20 January 2016\");",
                  "err": {},
                  "uuid": "196a7381-605a-43af-b58e-d91c2337dea3",
                  "parentUUID": "57e3ed2b-242d-4e33-a30e-4f3c05f29cc4",
                  "isHook": false,
                  "skipped": false
                },
                {
                  "title": "Check abbreviation",
                  "fullTitle": "0002 Inline semantics Check abbreviation",
                  "timedOut": null,
                  "duration": 284,
                  "state": "failed",
                  "speed": null,
                  "pass": false,
                  "fail": true,
                  "pending": false,
                  "context": null,
                  "code": "const abbreviations = [\"PhD\", \"HTML\", \"CSS\", \"BC\", \"Esq\"];\nconst titles = [\"Doctor of Philosophy\", \"HyperText Markup Language\", \"Cascading Style Sheets\", \"Before Christ\", \"Esquire\"];\nabbreviations.forEach((item, index) => {\n  console.log(\"hello\", titles[index]);\n  cy.get(\"abbr\", {\n    timeout: 100\n  }).eq(index).should(\"contain\", item).and(\"have.attr\", \"title\", titles[index]);\n});",
                  "err": {
                    "message": "AssertionError: Timed out retrying after 200ms: expected '<abbr>' to have attribute 'title' with the value 'HyperText Markup Language', but the value was 'Hypertext Markup Language'",
                    "estack": "AssertionError: Timed out retrying after 200ms: expected '<abbr>' to have attribute 'title' with the value 'HyperText Markup Language', but the value was 'Hypertext Markup Language'\n    at eval (webpack:///./cypress/e2e/problems/Letter.cy.js:131:13)\nat Array.forEach (<anonymous>)\n    at Context.eval (webpack:///./cypress/e2e/problems/Letter.cy.js:126:22)",
                    "diff": "- 'Hypertext Markup Language'\n+ 'HyperText Markup Language'\n"
                  },
                  "uuid": "2bf9d7ed-b601-4bc3-92e1-b6dd0d2a2463",
                  "parentUUID": "57e3ed2b-242d-4e33-a30e-4f3c05f29cc4",
                  "isHook": false,
                  "skipped": false
                },
                {
                  "title": "Sub/superscripts",
                  "fullTitle": "0002 Inline semantics Sub/superscripts",
                  "timedOut": null,
                  "duration": 115,
                  "state": "passed",
                  "speed": "fast",
                  "pass": true,
                  "fail": false,
                  "pending": false,
                  "context": null,
                  "code": "const subscripts = [\"2\", \"14\", \"12\", \"3\"];\nconst superscripts = [\"4\", \"3\"];\nsubscripts.forEach(item => {\n  cy.contains(\"sub\", item);\n});\nsuperscripts.forEach(item => {\n  cy.contains(\"sup\", item);\n});",
                  "err": {},
                  "uuid": "d53dfea6-7c2f-4224-befb-16548faea4ce",
                  "parentUUID": "57e3ed2b-242d-4e33-a30e-4f3c05f29cc4",
                  "isHook": false,
                  "skipped": false
                },
                {
                  "title": "Hyperlink",
                  "fullTitle": "0002 Inline semantics Hyperlink",
                  "timedOut": null,
                  "duration": 103,
                  "state": "passed",
                  "speed": "fast",
                  "pass": true,
                  "fail": false,
                  "pending": false,
                  "context": null,
                  "code": "const links = [\"important university dates\", \"exotic dance research page\"];\nlinks.forEach((item, index) => {\n  cy.get(\"a\").eq(index).should(\"contain\", item).and(\"have.attr\", \"href\");\n});",
                  "err": {},
                  "uuid": "847b25a2-729d-46fe-b268-1c5786e285ed",
                  "parentUUID": "57e3ed2b-242d-4e33-a30e-4f3c05f29cc4",
                  "isHook": false,
                  "skipped": false
                },
                {
                  "title": "Quote",
                  "fullTitle": "0002 Inline semantics Quote",
                  "timedOut": null,
                  "duration": 87,
                  "state": "passed",
                  "speed": "fast",
                  "pass": true,
                  "fail": false,
                  "pending": false,
                  "context": null,
                  "code": "cy.contains(\"q\", \"Be awesome to each other.\");",
                  "err": {},
                  "uuid": "f91f3be0-029e-4477-8248-6aed1585a8c0",
                  "parentUUID": "57e3ed2b-242d-4e33-a30e-4f3c05f29cc4",
                  "isHook": false,
                  "skipped": false
                }
              ],
              "suites": [],
              "passes": [
                "196a7381-605a-43af-b58e-d91c2337dea3",
                "d53dfea6-7c2f-4224-befb-16548faea4ce",
                "847b25a2-729d-46fe-b268-1c5786e285ed",
                "f91f3be0-029e-4477-8248-6aed1585a8c0"
              ],
              "failures": [
                "df5adb02-9f4c-429d-9210-fae5df7773fd",
                "fd020b17-af97-417d-a74a-078da4720f69",
                "2bf9d7ed-b601-4bc3-92e1-b6dd0d2a2463"
              ],
              "pending": [],
              "skipped": [],
              "duration": 1187,
              "root": false,
              "rootEmpty": false,
              "_timeout": 2000
            },
            {
              "uuid": "20354514-755f-4434-b8e2-26a272b598fe",
              "title": "The head of the document",
              "fullFile": "",
              "file": "",
              "beforeHooks": [],
              "afterHooks": [],
              "tests": [
                {
                  "title": "Meta data",
                  "fullTitle": "0002 The head of the document Meta data",
                  "timedOut": null,
                  "duration": 278,
                  "state": "failed",
                  "speed": null,
                  "pass": false,
                  "fail": true,
                  "pending": false,
                  "context": null,
                  "code": "cy.get(\"meta\").should(\"have.attr\", \"charset\", \"utf-8\");\ncy.get(\"link\").should(\"have.attr\", \"rel\", \"stylesheet\");\ncy.get(\"meta\").should(\"have.attr\", \"name\", \"author\");",
                  "err": {
                    "message": "AssertionError: Timed out retrying after 200ms: expected '[ <meta>, 2 more... ]' to have attribute 'charset' with the value 'utf-8', but the value was 'UTF-8'",
                    "estack": "AssertionError: Timed out retrying after 200ms: expected '[ <meta>, 2 more... ]' to have attribute 'charset' with the value 'utf-8', but the value was 'UTF-8'\n    at Context.eval (webpack:///./cypress/e2e/problems/Letter.cy.js:168:23)",
                    "diff": "- 'UTF-8'\n+ 'utf-8'\n"
                  },
                  "uuid": "531a6e16-7629-42d2-8349-2ec1ba366c2b",
                  "parentUUID": "20354514-755f-4434-b8e2-26a272b598fe",
                  "isHook": false,
                  "skipped": false
                }
              ],
              "suites": [],
              "passes": [],
              "failures": [
                "531a6e16-7629-42d2-8349-2ec1ba366c2b"
              ],
              "pending": [],
              "skipped": [],
              "duration": 278,
              "root": false,
              "rootEmpty": false,
              "_timeout": 2000
            }
          ],
          "passes": [],
          "failures": [],
          "pending": [],
          "skipped": [],
          "duration": 0,
          "root": false,
          "rootEmpty": false,
          "_timeout": 2000
        },
        {
          "uuid": "22feb7a8-6a90-4cc6-99af-dbbcb04b853d",
          "title": "0003",
          "fullFile": "",
          "file": "",
          "beforeHooks": [],
          "afterHooks": [],
          "tests": [],
          "suites": [
            {
              "uuid": "ecd6306c-e86e-4bad-b65c-06b52ecb4574",
              "title": "Block/structural semantics",
              "fullFile": "",
              "file": "",
              "beforeHooks": [],
              "afterHooks": [],
              "tests": [
                {
                  "title": "Have Doctype",
                  "fullTitle": "0003 Block/structural semantics Have Doctype",
                  "timedOut": null,
                  "duration": 105,
                  "state": "passed",
                  "speed": "fast",
                  "pass": true,
                  "fail": false,
                  "pending": false,
                  "context": null,
                  "code": "cy.document().then(doc => {\n  expect(doc.doctype !== undefined).to.eq(true);\n  expect(doc.doctype.name).to.eq(\"html\");\n});",
                  "err": {},
                  "uuid": "9335311a-b786-4da9-993f-fa3d21b651e3",
                  "parentUUID": "ecd6306c-e86e-4bad-b65c-06b52ecb4574",
                  "isHook": false,
                  "skipped": false
                },
                {
                  "title": "Heading organization",
                  "fullTitle": "0003 Block/structural semantics Heading organization",
                  "timedOut": null,
                  "duration": 334,
                  "state": "failed",
                  "speed": null,
                  "pass": false,
                  "fail": true,
                  "pending": false,
                  "context": null,
                  "code": "cy.get(\"h1\").should(\"contain\", \"Re: Eileen Dover university application\");\ncy.get(\"h2\").should(\"contain\", \"Starting dates\");\ncy.get(\"h2\").should(\"contain\", \"Subjects of study\");\ncy.get(\"h2\").should(\"contain\", \"Exotic dance moves\");",
                  "err": {
                    "message": "AssertionError: Timed out retrying after 200ms: expected '[ <h2>, 1 more... ]' to contain 'Exotic dance moves'",
                    "estack": "AssertionError: Timed out retrying after 200ms: expected '[ <h2>, 1 more... ]' to contain 'Exotic dance moves'\n    at Context.eval (webpack:///./cypress/e2e/problems/Letter.cy.js:27:21)",
                    "diff": null
                  },
                  "uuid": "273567d1-2d01-487b-b395-b853baebbfbd",
                  "parentUUID": "ecd6306c-e86e-4bad-b65c-06b52ecb4574",
                  "isHook": false,
                  "skipped": false
                },
                {
                  "title": "Use list type to mark up list in letter",
                  "fullTitle": "0003 Block/structural semantics Use list type to mark up list in letter",
                  "timedOut": null,
                  "duration": 299,
                  "state": "failed",
                  "speed": null,
                  "pass": false,
                  "fail": true,
                  "pending": false,
                  "context": null,
                  "code": "const list = [\"First semester: 9 September 2016\", \"Second semester: 15 January 2017\", \"Third semester: 2 May 2017\", \"Turning H2O into wine, and the health benefits of Resveratrol (C14H12O3.)\", \"Measuring the effect on performance of funk bassplayers at temperatures exceeding 30°C (86°F), when the audience size exponentially increases (effect of 3 × 103 increasing to 3 × 104.)\", \"HTML and CSS constructs for representing musical scores.\"];\nconst description_list = [\"Polynesian chicken dance\", \"Icelandic brownian shuffle\", \"Arctic robot dance\"];\nlist.forEach(item => {\n  cy.contains(\"li\", item);\n});\ndescription_list.forEach(item => {\n  cy.contains(\"dt\", item);\n});",
                  "err": {
                    "message": "AssertionError: Timed out retrying after 200ms: Expected to find content: 'Turning H2O into wine, and the health benefits of Resveratrol (C14H12O3.)' within the selector: 'li' but never did.",
                    "estack": "AssertionError: Timed out retrying after 200ms: Expected to find content: 'Turning H2O into wine, and the health benefits of Resveratrol (C14H12O3.)' within the selector: 'li' but never did.\n    at eval (webpack:///./cypress/e2e/problems/Letter.cy.js:50:15)\nat Array.forEach (<anonymous>)\n    at Context.eval (webpack:///./cypress/e2e/problems/Letter.cy.js:49:15)",
                    "diff": null
                  },
                  "uuid": "6ee2bb46-4a95-4b8f-a1e4-a9730a45bbd8",
                  "parentUUID": "ecd6306c-e86e-4bad-b65c-06b52ecb4574",
                  "isHook": false,
                  "skipped": false
                },
                {
                  "title": "Put addresses inside <address> elements",
                  "fullTitle": "0003 Block/structural semantics Put addresses inside <address> elements",
                  "timedOut": null,
                  "duration": 121,
                  "state": "passed",
                  "speed": "fast",
                  "pass": true,
                  "fail": false,
                  "pending": false,
                  "context": null,
                  "code": "const addresses = [\"Awesome Science faculty\", \"University of Awesome\", \"Bobtown, CA 99999,\", \"USA\", \"4321 Cliff Top Edge\", \"Dover, CT9 XXX\", \"UK\"];\naddresses.forEach(item => {\n  cy.contains(\"address\", item);\n});\ncy.get(\"address\").find(\"br\");",
                  "err": {},
                  "uuid": "2d629a5e-c8f4-4b53-877e-aa11db092940",
                  "parentUUID": "ecd6306c-e86e-4bad-b65c-06b52ecb4574",
                  "isHook": false,
                  "skipped": false
                }
              ],
              "suites": [],
              "passes": [
                "9335311a-b786-4da9-993f-fa3d21b651e3",
                "2d629a5e-c8f4-4b53-877e-aa11db092940"
              ],
              "failures": [
                "273567d1-2d01-487b-b395-b853baebbfbd",
                "6ee2bb46-4a95-4b8f-a1e4-a9730a45bbd8"
              ],
              "pending": [],
              "skipped": [],
              "duration": 859,
              "root": false,
              "rootEmpty": false,
              "_timeout": 2000
            },
            {
              "uuid": "afadb96c-3402-497a-8b20-97a13e709253",
              "title": "Inline semantics",
              "fullFile": "",
              "file": "",
              "beforeHooks": [],
              "afterHooks": [],
              "tests": [
                {
                  "title": "Strong importance text",
                  "fullTitle": "0003 Inline semantics Strong importance text",
                  "timedOut": null,
                  "duration": 313,
                  "state": "failed",
                  "speed": null,
                  "pass": false,
                  "fail": true,
                  "pending": false,
                  "context": null,
                  "code": "cy.get(\"strong\").should(\"contain\", \"Tel:\");\ncy.get(\"strong\").should(\"contain\", \"Email:\");\ncy.get(\"strong\").should(\"contain\", \"Dr Eleanor Gaye\");\ncy.get(\"strong\").should(\"contain\", \"Miss Eileen Dover\");",
                  "err": {
                    "message": "AssertionError: Timed out retrying after 200ms: expected '[ <strong>, 3 more... ]' to contain 'Dr Eleanor Gaye'",
                    "estack": "AssertionError: Timed out retrying after 200ms: expected '[ <strong>, 3 more... ]' to contain 'Dr Eleanor Gaye'\n    at Context.eval (webpack:///./cypress/e2e/problems/Letter.cy.js:85:25)",
                    "diff": null
                  },
                  "uuid": "27077a3c-4698-4378-978a-ff335338b2f9",
                  "parentUUID": "afadb96c-3402-497a-8b20-97a13e709253",
                  "isHook": false,
                  "skipped": false
                },
                {
                  "title": "Date must be in <time> tag",
                  "fullTitle": "0003 Inline semantics Date must be in <time> tag",
                  "timedOut": null,
                  "duration": 211,
                  "state": "failed",
                  "speed": null,
                  "pass": false,
                  "fail": true,
                  "pending": false,
                  "context": null,
                  "code": "const dates = [\"20 January 2016\", \"9 September 2016\", \"15 January 2017\", \"2 May 2017\"];\ndates.forEach(item => {\n  cy.contains(\"time\", item, {\n    timeout: 100\n  });\n});",
                  "err": {
                    "message": "AssertionError: Timed out retrying after 100ms: Expected to find content: '9 September 2016' within the selector: 'time' but never did.",
                    "estack": "AssertionError: Timed out retrying after 100ms: Expected to find content: '9 September 2016' within the selector: 'time' but never did.\n    at eval (webpack:///./cypress/e2e/problems/Letter.cy.js:98:13)\nat Array.forEach (<anonymous>)\n    at Context.eval (webpack:///./cypress/e2e/problems/Letter.cy.js:97:14)",
                    "diff": null
                  },
                  "uuid": "e5f271e1-fa7a-4a0d-bbc0-8a7d06b3e696",
                  "parentUUID": "afadb96c-3402-497a-8b20-97a13e709253",
                  "isHook": false,
                  "skipped": false
                },
                {
                  "title": "Class sender-column",
                  "fullTitle": "0003 Inline semantics Class sender-column",
                  "timedOut": null,
                  "duration": 103,
                  "state": "passed",
                  "speed": "fast",
                  "pass": true,
                  "fail": false,
                  "pending": false,
                  "context": null,
                  "code": "cy.get(\"address\").first().then($firstAdd => {\n  cy.get(\".sender-column\").children(\"address\").should($add => {\n    expect($firstAdd[0] == $add[0]).to.eq(true);\n  });\n});\ncy.get(\".sender-column\").should(\"contain\", \"20 January 2016\");",
                  "err": {},
                  "uuid": "e9b459c9-3266-4f66-9df3-0da43caa09a4",
                  "parentUUID": "afadb96c-3402-497a-8b20-97a13e709253",
                  "isHook": false,
                  "skipped": false
                },
                {
                  "title": "Check abbreviation",
                  "fullTitle": "0003 Inline semantics Check abbreviation",
                  "timedOut": null,
                  "duration": 288,
                  "state": "failed",
                  "speed": null,
                  "pass": false,
                  "fail": true,
                  "pending": false,
                  "context": null,
                  "code": "const abbreviations = [\"PhD\", \"HTML\", \"CSS\", \"BC\", \"Esq\"];\nconst titles = [\"Doctor of Philosophy\", \"HyperText Markup Language\", \"Cascading Style Sheets\", \"Before Christ\", \"Esquire\"];\nabbreviations.forEach((item, index) => {\n  console.log(\"hello\", titles[index]);\n  cy.get(\"abbr\", {\n    timeout: 100\n  }).eq(index).should(\"contain\", item).and(\"have.attr\", \"title\", titles[index]);\n});",
                  "err": {
                    "message": "AssertionError: Timed out retrying after 200ms: expected '<abbr>' to have attribute 'title' with the value 'Doctor of Philosophy', but the value was ''",
                    "estack": "AssertionError: Timed out retrying after 200ms: expected '<abbr>' to have attribute 'title' with the value 'Doctor of Philosophy', but the value was ''\n    at eval (webpack:///./cypress/e2e/problems/Letter.cy.js:131:13)\nat Array.forEach (<anonymous>)\n    at Context.eval (webpack:///./cypress/e2e/problems/Letter.cy.js:126:22)",
                    "diff": "+ 'Doctor of Philosophy'\n"
                  },
                  "uuid": "7f7fcab4-9db8-4903-b464-0bfeb60607b0",
                  "parentUUID": "afadb96c-3402-497a-8b20-97a13e709253",
                  "isHook": false,
                  "skipped": false
                },
                {
                  "title": "Sub/superscripts",
                  "fullTitle": "0003 Inline semantics Sub/superscripts",
                  "timedOut": null,
                  "duration": 304,
                  "state": "failed",
                  "speed": null,
                  "pass": false,
                  "fail": true,
                  "pending": false,
                  "context": null,
                  "code": "const subscripts = [\"2\", \"14\", \"12\", \"3\"];\nconst superscripts = [\"4\", \"3\"];\nsubscripts.forEach(item => {\n  cy.contains(\"sub\", item);\n});\nsuperscripts.forEach(item => {\n  cy.contains(\"sup\", item);\n});",
                  "err": {
                    "message": "AssertionError: Timed out retrying after 200ms: Expected to find content: '12' within the selector: 'sub' but never did.",
                    "estack": "AssertionError: Timed out retrying after 200ms: Expected to find content: '12' within the selector: 'sub' but never did.\n    at eval (webpack:///./cypress/e2e/problems/Letter.cy.js:140:13)\nat Array.forEach (<anonymous>)\n    at Context.eval (webpack:///./cypress/e2e/problems/Letter.cy.js:139:19)",
                    "diff": null
                  },
                  "uuid": "cdd4b6e1-4ee4-4243-8eb3-91272d8f303a",
                  "parentUUID": "afadb96c-3402-497a-8b20-97a13e709253",
                  "isHook": false,
                  "skipped": false
                },
                {
                  "title": "Hyperlink",
                  "fullTitle": "0003 Inline semantics Hyperlink",
                  "timedOut": null,
                  "duration": 122,
                  "state": "passed",
                  "speed": "fast",
                  "pass": true,
                  "fail": false,
                  "pending": false,
                  "context": null,
                  "code": "const links = [\"important university dates\", \"exotic dance research page\"];\nlinks.forEach((item, index) => {\n  cy.get(\"a\").eq(index).should(\"contain\", item).and(\"have.attr\", \"href\");\n});",
                  "err": {},
                  "uuid": "205b92ed-33bf-4f62-8dde-421742e0a223",
                  "parentUUID": "afadb96c-3402-497a-8b20-97a13e709253",
                  "isHook": false,
                  "skipped": false
                },
                {
                  "title": "Quote",
                  "fullTitle": "0003 Inline semantics Quote",
                  "timedOut": null,
                  "duration": 307,
                  "state": "failed",
                  "speed": null,
                  "pass": false,
                  "fail": true,
                  "pending": false,
                  "context": null,
                  "code": "cy.contains(\"q\", \"Be awesome to each other.\");",
                  "err": {
                    "message": "AssertionError: Timed out retrying after 200ms: Expected to find content: 'Be awesome to each other.' within the selector: 'q' but never did.",
                    "estack": "AssertionError: Timed out retrying after 200ms: Expected to find content: 'Be awesome to each other.' within the selector: 'q' but never did.\n    at Context.eval (webpack:///./cypress/e2e/problems/Letter.cy.js:162:11)",
                    "diff": null
                  },
                  "uuid": "f4bbf55a-cd1b-40c5-94e9-ecd9e3d26125",
                  "parentUUID": "afadb96c-3402-497a-8b20-97a13e709253",
                  "isHook": false,
                  "skipped": false
                }
              ],
              "suites": [],
              "passes": [
                "e9b459c9-3266-4f66-9df3-0da43caa09a4",
                "205b92ed-33bf-4f62-8dde-421742e0a223"
              ],
              "failures": [
                "27077a3c-4698-4378-978a-ff335338b2f9",
                "e5f271e1-fa7a-4a0d-bbc0-8a7d06b3e696",
                "7f7fcab4-9db8-4903-b464-0bfeb60607b0",
                "cdd4b6e1-4ee4-4243-8eb3-91272d8f303a",
                "f4bbf55a-cd1b-40c5-94e9-ecd9e3d26125"
              ],
              "pending": [],
              "skipped": [],
              "duration": 1648,
              "root": false,
              "rootEmpty": false,
              "_timeout": 2000
            },
            {
              "uuid": "8c1c5de6-3123-4ecb-a64e-0d8236266ae9",
              "title": "The head of the document",
              "fullFile": "",
              "file": "",
              "beforeHooks": [],
              "afterHooks": [],
              "tests": [
                {
                  "title": "Meta data",
                  "fullTitle": "0003 The head of the document Meta data",
                  "timedOut": null,
                  "duration": 334,
                  "state": "failed",
                  "speed": null,
                  "pass": false,
                  "fail": true,
                  "pending": false,
                  "context": null,
                  "code": "cy.get(\"meta\").should(\"have.attr\", \"charset\", \"utf-8\");\ncy.get(\"link\").should(\"have.attr\", \"rel\", \"stylesheet\");\ncy.get(\"meta\").should(\"have.attr\", \"name\", \"author\");",
                  "err": {
                    "message": "AssertionError: Timed out retrying after 200ms: expected '[ <meta>, 2 more... ]' to have attribute 'charset' with the value 'utf-8', but the value was 'UTF-8'",
                    "estack": "AssertionError: Timed out retrying after 200ms: expected '[ <meta>, 2 more... ]' to have attribute 'charset' with the value 'utf-8', but the value was 'UTF-8'\n    at Context.eval (webpack:///./cypress/e2e/problems/Letter.cy.js:168:23)",
                    "diff": "- 'UTF-8'\n+ 'utf-8'\n"
                  },
                  "uuid": "64d32fed-3990-44f9-ab40-4b91fed052d1",
                  "parentUUID": "8c1c5de6-3123-4ecb-a64e-0d8236266ae9",
                  "isHook": false,
                  "skipped": false
                }
              ],
              "suites": [],
              "passes": [],
              "failures": [
                "64d32fed-3990-44f9-ab40-4b91fed052d1"
              ],
              "pending": [],
              "skipped": [],
              "duration": 334,
              "root": false,
              "rootEmpty": false,
              "_timeout": 2000
            }
          ],
          "passes": [],
          "failures": [],
          "pending": [],
          "skipped": [],
          "duration": 0,
          "root": false,
          "rootEmpty": false,
          "_timeout": 2000
        }
      ],
      "passes": [],
      "failures": [],
      "pending": [],
      "skipped": [],
      "duration": 0,
      "root": true,
      "rootEmpty": true,
      "_timeout": 2000
    }
  ],
  "meta": {
    "mocha": {
      "version": "7.0.1"
    },
    "mochawesome": {
      "options": {
        "quiet": false,
        "reportFilename": "report",
        "saveHtml": false,
        "saveJson": true,
        "consoleReporter": "spec",
        "useInlineDiffs": false,
        "code": true
      },
      "version": "7.1.3"
    },
    "marge": {
      "options": {
        "reportDir": "cypress/results",
        "reportFilename": "report",
        "overwrite": true,
        "html": false,
        "json": true
      },
      "version": "6.2.0"
    }
  }
}