{
  "stats": {
    "suites": 12,
    "tests": 36,
    "passes": 18,
    "pending": 0,
    "failures": 18,
    "start": "2023-02-21T22:27:17.697Z",
    "end": "2023-02-21T22:27:26.615Z",
    "duration": 8918,
    "testsRegistered": 36,
    "passPercent": 50,
    "pendingPercent": 0,
    "other": 0,
    "hasOther": false,
    "skipped": 0,
    "hasSkipped": false
  },
  "results": [
    {
      "uuid": "b95266b1-99f9-45dd-a4ce-21fd0dd21909",
      "title": "",
      "fullFile": "cypress\\e2e\\scoring\\scoring.cy.js",
      "file": "cypress\\e2e\\scoring\\scoring.cy.js",
      "beforeHooks": [],
      "afterHooks": [],
      "tests": [],
      "suites": [
        {
          "uuid": "0c5c1bd7-8570-47d2-995b-6e4b5783ed62",
          "title": "0001",
          "fullFile": "",
          "file": "",
          "beforeHooks": [],
          "afterHooks": [],
          "tests": [],
          "suites": [
            {
              "uuid": "699cff41-6c24-42ab-8289-28e8d96810ed",
              "title": "Block/structural semantics",
              "fullFile": "",
              "file": "",
              "beforeHooks": [],
              "afterHooks": [],
              "tests": [
                {
                  "title": "Have Doctype",
                  "fullTitle": "0001 Block/structural semantics Have Doctype",
                  "timedOut": null,
                  "duration": 138,
                  "state": "passed",
                  "speed": "fast",
                  "pass": true,
                  "fail": false,
                  "pending": false,
                  "context": null,
                  "code": "cy.document().then(doc => {\n  expect(doc.doctype !== undefined).to.eq(true);\n  expect(doc.doctype.name).to.eq(\"html\");\n});",
                  "err": {},
                  "uuid": "e349125b-8f1f-4aeb-ab6b-e6464a324048",
                  "parentUUID": "699cff41-6c24-42ab-8289-28e8d96810ed",
                  "isHook": false,
                  "skipped": false
                },
                {
                  "title": "Heading organization",
                  "fullTitle": "0001 Block/structural semantics Heading organization",
                  "timedOut": null,
                  "duration": 94,
                  "state": "passed",
                  "speed": "fast",
                  "pass": true,
                  "fail": false,
                  "pending": false,
                  "context": null,
                  "code": "cy.get(\"h1\").should(\"contain\", \"Re: Eileen Dover university application\");\ncy.get(\"h2\").should(\"contain\", \"Starting dates\");\ncy.get(\"h2\").should(\"contain\", \"Subjects of study\");\ncy.get(\"h2\").should(\"contain\", \"Exotic dance moves\");",
                  "err": {},
                  "uuid": "576a8875-73d7-423d-a119-839520674f2e",
                  "parentUUID": "699cff41-6c24-42ab-8289-28e8d96810ed",
                  "isHook": false,
                  "skipped": false
                },
                {
                  "title": "Use list type to mark up list in letter",
                  "fullTitle": "0001 Block/structural semantics Use list type to mark up list in letter",
                  "timedOut": null,
                  "duration": 100,
                  "state": "passed",
                  "speed": "fast",
                  "pass": true,
                  "fail": false,
                  "pending": false,
                  "context": null,
                  "code": "const list = [\"First semester: 9 September 2016\", \"Second semester: 15 January 2017\", \"Third semester: 2 May 2017\", \"Turning H2O into wine, and the health benefits of Resveratrol (C14H12O3.)\", \"Measuring the effect on performance of funk bassplayers at temperatures exceeding 30°C (86°F), when the audience size exponentially increases (effect of 3 × 103 increasing to 3 × 104.)\", \"HTML and CSS constructs for representing musical scores.\"];\nconst description_list = [\"Polynesian chicken dance\", \"Icelandic brownian shuffle\", \"Arctic robot dance\"];\nlist.forEach(item => {\n  cy.contains(\"li\", item);\n});\ndescription_list.forEach(item => {\n  cy.contains(\"dt\", item);\n});",
                  "err": {},
                  "uuid": "1a0f7410-95fb-4f83-9f0c-8e5175c1470d",
                  "parentUUID": "699cff41-6c24-42ab-8289-28e8d96810ed",
                  "isHook": false,
                  "skipped": false
                },
                {
                  "title": "Put addresses inside <address> elements",
                  "fullTitle": "0001 Block/structural semantics Put addresses inside <address> elements",
                  "timedOut": null,
                  "duration": 95,
                  "state": "passed",
                  "speed": "fast",
                  "pass": true,
                  "fail": false,
                  "pending": false,
                  "context": null,
                  "code": "const addresses = [\"Awesome Science faculty\", \"University of Awesome\", \"Bobtown, CA 99999,\", \"USA\", \"4321 Cliff Top Edge\", \"Dover, CT9 XXX\", \"UK\"];\naddresses.forEach(item => {\n  cy.contains(\"address\", item);\n});\ncy.get(\"address\").find(\"br\");",
                  "err": {},
                  "uuid": "a8c0d2dc-9b43-4468-9bfd-8900113da60a",
                  "parentUUID": "699cff41-6c24-42ab-8289-28e8d96810ed",
                  "isHook": false,
                  "skipped": false
                }
              ],
              "suites": [],
              "passes": [
                "e349125b-8f1f-4aeb-ab6b-e6464a324048",
                "576a8875-73d7-423d-a119-839520674f2e",
                "1a0f7410-95fb-4f83-9f0c-8e5175c1470d",
                "a8c0d2dc-9b43-4468-9bfd-8900113da60a"
              ],
              "failures": [],
              "pending": [],
              "skipped": [],
              "duration": 427,
              "root": false,
              "rootEmpty": false,
              "_timeout": 2000
            },
            {
              "uuid": "72255fc0-ff5d-4f69-b7a1-11cb1c11a8b8",
              "title": "Inline semantics",
              "fullFile": "",
              "file": "",
              "beforeHooks": [],
              "afterHooks": [],
              "tests": [
                {
                  "title": "Strong importance text",
                  "fullTitle": "0001 Inline semantics Strong importance text",
                  "timedOut": null,
                  "duration": 91,
                  "state": "passed",
                  "speed": "fast",
                  "pass": true,
                  "fail": false,
                  "pending": false,
                  "context": null,
                  "code": "cy.get(\"strong\").should(\"contain\", \"Tel:\");\ncy.get(\"strong\").should(\"contain\", \"Email:\");\ncy.get(\"strong\").should(\"contain\", \"Dr Eleanor Gaye\");\ncy.get(\"strong\").should(\"contain\", \"Miss Eileen Dover\");",
                  "err": {},
                  "uuid": "577c644e-6921-4c7c-bbdc-62c7ff8d1a4b",
                  "parentUUID": "72255fc0-ff5d-4f69-b7a1-11cb1c11a8b8",
                  "isHook": false,
                  "skipped": false
                },
                {
                  "title": "Date must be in <time> tag",
                  "fullTitle": "0001 Inline semantics Date must be in <time> tag",
                  "timedOut": null,
                  "duration": 178,
                  "state": "failed",
                  "speed": null,
                  "pass": false,
                  "fail": true,
                  "pending": false,
                  "context": null,
                  "code": "const dates = [\"20 January 2016\", \"9 September 2016\", \"15 January 2017\", \"2 May 2017\"];\ndates.forEach(item => {\n  cy.contains(\"time\", item, {\n    timeout: 100\n  });\n});",
                  "err": {
                    "message": "AssertionError: Timed out retrying after 100ms: Expected to find content: '20 January 2016' within the selector: 'time' but never did.",
                    "estack": "AssertionError: Timed out retrying after 100ms: Expected to find content: '20 January 2016' within the selector: 'time' but never did.\n    at eval (webpack:///./cypress/e2e/lab-letter/Letter.cy.js:98:13)\nat Array.forEach (<anonymous>)\n    at Context.eval (webpack:///./cypress/e2e/lab-letter/Letter.cy.js:97:14)",
                    "diff": null
                  },
                  "uuid": "8ea243db-faf3-4c00-8199-09a65c359643",
                  "parentUUID": "72255fc0-ff5d-4f69-b7a1-11cb1c11a8b8",
                  "isHook": false,
                  "skipped": false
                },
                {
                  "title": "Class sender-column",
                  "fullTitle": "0001 Inline semantics Class sender-column",
                  "timedOut": null,
                  "duration": 97,
                  "state": "passed",
                  "speed": "fast",
                  "pass": true,
                  "fail": false,
                  "pending": false,
                  "context": null,
                  "code": "cy.get(\"address\").first().then($firstAdd => {\n  cy.get(\".sender-column\").children(\"address\").should($add => {\n    expect($firstAdd[0] == $add[0]).to.eq(true);\n  });\n});\ncy.get(\".sender-column\").should(\"contain\", \"20 January 2016\");",
                  "err": {},
                  "uuid": "b78a98f2-fd05-4233-8d8c-d2a6d955d037",
                  "parentUUID": "72255fc0-ff5d-4f69-b7a1-11cb1c11a8b8",
                  "isHook": false,
                  "skipped": false
                },
                {
                  "title": "Check abbreviation",
                  "fullTitle": "0001 Inline semantics Check abbreviation",
                  "timedOut": null,
                  "duration": 301,
                  "state": "failed",
                  "speed": null,
                  "pass": false,
                  "fail": true,
                  "pending": false,
                  "context": null,
                  "code": "const abbreviations = [\"PhD\", \"HTML\", \"CSS\", \"BC\", \"Esq\"];\nconst titles = [\"Doctor of Philosophy\", \"HyperText Markup Language\", \"Cascading Style Sheets\", \"Before Christ\", \"Esquire\"];\nabbreviations.forEach((item, index) => {\n  console.log(\"hello\", titles[index]);\n  cy.get(\"abbr\", {\n    timeout: 100\n  }).eq(index).should(\"contain\", item).and(\"have.attr\", \"title\", titles[index]);\n});",
                  "err": {
                    "message": "AssertionError: Timed out retrying after 200ms: expected '<abbr>' to have attribute 'title' with the value 'Cascading Style Sheets', but the value was ''",
                    "estack": "AssertionError: Timed out retrying after 200ms: expected '<abbr>' to have attribute 'title' with the value 'Cascading Style Sheets', but the value was ''\n    at eval (webpack:///./cypress/e2e/lab-letter/Letter.cy.js:131:13)\nat Array.forEach (<anonymous>)\n    at Context.eval (webpack:///./cypress/e2e/lab-letter/Letter.cy.js:126:22)",
                    "diff": "+ 'Cascading Style Sheets'\n"
                  },
                  "uuid": "fed1907a-285f-4acf-b18a-b80902206c77",
                  "parentUUID": "72255fc0-ff5d-4f69-b7a1-11cb1c11a8b8",
                  "isHook": false,
                  "skipped": false
                },
                {
                  "title": "Sub/superscripts",
                  "fullTitle": "0001 Inline semantics Sub/superscripts",
                  "timedOut": null,
                  "duration": 99,
                  "state": "passed",
                  "speed": "fast",
                  "pass": true,
                  "fail": false,
                  "pending": false,
                  "context": null,
                  "code": "const subscripts = [\"2\", \"14\", \"12\", \"3\"];\nconst superscripts = [\"4\", \"3\"];\nsubscripts.forEach(item => {\n  cy.contains(\"sub\", item);\n});\nsuperscripts.forEach(item => {\n  cy.contains(\"sup\", item);\n});",
                  "err": {},
                  "uuid": "c9fb17e8-ddbc-42db-84c7-ca92fccea340",
                  "parentUUID": "72255fc0-ff5d-4f69-b7a1-11cb1c11a8b8",
                  "isHook": false,
                  "skipped": false
                },
                {
                  "title": "Hyperlink",
                  "fullTitle": "0001 Inline semantics Hyperlink",
                  "timedOut": null,
                  "duration": 261,
                  "state": "failed",
                  "speed": null,
                  "pass": false,
                  "fail": true,
                  "pending": false,
                  "context": null,
                  "code": "const links = [\"important university dates\", \"exotic dance research page\"];\nlinks.forEach((item, index) => {\n  cy.get(\"a\").eq(index).should(\"contain\", item).and(\"have.attr\", \"href\");\n});",
                  "err": {
                    "message": "AssertionError: Timed out retrying after 200ms: expected '<a>' to have attribute 'href'",
                    "estack": "AssertionError: Timed out retrying after 200ms: expected '<a>' to have attribute 'href'\n    at eval (webpack:///./cypress/e2e/lab-letter/Letter.cy.js:157:13)\nat Array.forEach (<anonymous>)\n    at Context.eval (webpack:///./cypress/e2e/lab-letter/Letter.cy.js:153:14)",
                    "diff": null
                  },
                  "uuid": "3c90b943-0112-4010-8853-06e8d089a31f",
                  "parentUUID": "72255fc0-ff5d-4f69-b7a1-11cb1c11a8b8",
                  "isHook": false,
                  "skipped": false
                },
                {
                  "title": "Quote",
                  "fullTitle": "0001 Inline semantics Quote",
                  "timedOut": null,
                  "duration": 281,
                  "state": "failed",
                  "speed": null,
                  "pass": false,
                  "fail": true,
                  "pending": false,
                  "context": null,
                  "code": "cy.contains(\"q\", \"Be awesome to each other.\");",
                  "err": {
                    "message": "AssertionError: Timed out retrying after 200ms: Expected to find content: 'Be awesome to each other.' within the selector: 'q' but never did.",
                    "estack": "AssertionError: Timed out retrying after 200ms: Expected to find content: 'Be awesome to each other.' within the selector: 'q' but never did.\n    at Context.eval (webpack:///./cypress/e2e/lab-letter/Letter.cy.js:162:11)",
                    "diff": null
                  },
                  "uuid": "32a768ae-5503-4275-bfd4-87db158197eb",
                  "parentUUID": "72255fc0-ff5d-4f69-b7a1-11cb1c11a8b8",
                  "isHook": false,
                  "skipped": false
                }
              ],
              "suites": [],
              "passes": [
                "577c644e-6921-4c7c-bbdc-62c7ff8d1a4b",
                "b78a98f2-fd05-4233-8d8c-d2a6d955d037",
                "c9fb17e8-ddbc-42db-84c7-ca92fccea340"
              ],
              "failures": [
                "8ea243db-faf3-4c00-8199-09a65c359643",
                "fed1907a-285f-4acf-b18a-b80902206c77",
                "3c90b943-0112-4010-8853-06e8d089a31f",
                "32a768ae-5503-4275-bfd4-87db158197eb"
              ],
              "pending": [],
              "skipped": [],
              "duration": 1308,
              "root": false,
              "rootEmpty": false,
              "_timeout": 2000
            },
            {
              "uuid": "99053573-3402-4c2d-9d67-b33b77018f86",
              "title": "The head of the document",
              "fullFile": "",
              "file": "",
              "beforeHooks": [],
              "afterHooks": [],
              "tests": [
                {
                  "title": "Meta data",
                  "fullTitle": "0001 The head of the document Meta data",
                  "timedOut": null,
                  "duration": 282,
                  "state": "failed",
                  "speed": null,
                  "pass": false,
                  "fail": true,
                  "pending": false,
                  "context": null,
                  "code": "cy.get(\"meta\").should(\"have.attr\", \"charset\", \"utf-8\");\ncy.get(\"link\").should(\"have.attr\", \"rel\", \"stylesheet\");\ncy.get(\"meta\").should(\"have.attr\", \"name\", \"author\");",
                  "err": {
                    "message": "AssertionError: Timed out retrying after 200ms: expected '<meta>' to have attribute 'name'",
                    "estack": "AssertionError: Timed out retrying after 200ms: expected '<meta>' to have attribute 'name'\n    at Context.eval (webpack:///./cypress/e2e/lab-letter/Letter.cy.js:170:23)",
                    "diff": null
                  },
                  "uuid": "8067e1c5-50c1-4231-9ec1-03aa0757e6d2",
                  "parentUUID": "99053573-3402-4c2d-9d67-b33b77018f86",
                  "isHook": false,
                  "skipped": false
                }
              ],
              "suites": [],
              "passes": [],
              "failures": [
                "8067e1c5-50c1-4231-9ec1-03aa0757e6d2"
              ],
              "pending": [],
              "skipped": [],
              "duration": 282,
              "root": false,
              "rootEmpty": false,
              "_timeout": 2000
            }
          ],
          "passes": [],
          "failures": [],
          "pending": [],
          "skipped": [],
          "duration": 0,
          "root": false,
          "rootEmpty": false,
          "_timeout": 2000
        },
        {
          "uuid": "d77f6381-18cb-43e2-b565-d047af0fde66",
          "title": "0002",
          "fullFile": "",
          "file": "",
          "beforeHooks": [],
          "afterHooks": [],
          "tests": [],
          "suites": [
            {
              "uuid": "bec270b0-e105-4cc0-88e7-f39cd1a30094",
              "title": "Block/structural semantics",
              "fullFile": "",
              "file": "",
              "beforeHooks": [],
              "afterHooks": [],
              "tests": [
                {
                  "title": "Have Doctype",
                  "fullTitle": "0002 Block/structural semantics Have Doctype",
                  "timedOut": null,
                  "duration": 99,
                  "state": "passed",
                  "speed": "fast",
                  "pass": true,
                  "fail": false,
                  "pending": false,
                  "context": null,
                  "code": "cy.document().then(doc => {\n  expect(doc.doctype !== undefined).to.eq(true);\n  expect(doc.doctype.name).to.eq(\"html\");\n});",
                  "err": {},
                  "uuid": "ec89753f-6744-4495-90e5-e57c03ac6bea",
                  "parentUUID": "bec270b0-e105-4cc0-88e7-f39cd1a30094",
                  "isHook": false,
                  "skipped": false
                },
                {
                  "title": "Heading organization",
                  "fullTitle": "0002 Block/structural semantics Heading organization",
                  "timedOut": null,
                  "duration": 81,
                  "state": "passed",
                  "speed": "fast",
                  "pass": true,
                  "fail": false,
                  "pending": false,
                  "context": null,
                  "code": "cy.get(\"h1\").should(\"contain\", \"Re: Eileen Dover university application\");\ncy.get(\"h2\").should(\"contain\", \"Starting dates\");\ncy.get(\"h2\").should(\"contain\", \"Subjects of study\");\ncy.get(\"h2\").should(\"contain\", \"Exotic dance moves\");",
                  "err": {},
                  "uuid": "9bf6c982-837c-403f-ac03-b05afe7028d0",
                  "parentUUID": "bec270b0-e105-4cc0-88e7-f39cd1a30094",
                  "isHook": false,
                  "skipped": false
                },
                {
                  "title": "Use list type to mark up list in letter",
                  "fullTitle": "0002 Block/structural semantics Use list type to mark up list in letter",
                  "timedOut": null,
                  "duration": 279,
                  "state": "failed",
                  "speed": null,
                  "pass": false,
                  "fail": true,
                  "pending": false,
                  "context": null,
                  "code": "const list = [\"First semester: 9 September 2016\", \"Second semester: 15 January 2017\", \"Third semester: 2 May 2017\", \"Turning H2O into wine, and the health benefits of Resveratrol (C14H12O3.)\", \"Measuring the effect on performance of funk bassplayers at temperatures exceeding 30°C (86°F), when the audience size exponentially increases (effect of 3 × 103 increasing to 3 × 104.)\", \"HTML and CSS constructs for representing musical scores.\"];\nconst description_list = [\"Polynesian chicken dance\", \"Icelandic brownian shuffle\", \"Arctic robot dance\"];\nlist.forEach(item => {\n  cy.contains(\"li\", item);\n});\ndescription_list.forEach(item => {\n  cy.contains(\"dt\", item);\n});",
                  "err": {
                    "message": "AssertionError: Timed out retrying after 200ms: Expected to find content: 'Second semester: 15 January 2017' within the selector: 'li' but never did.",
                    "estack": "AssertionError: Timed out retrying after 200ms: Expected to find content: 'Second semester: 15 January 2017' within the selector: 'li' but never did.\n    at eval (webpack:///./cypress/e2e/lab-letter/Letter.cy.js:50:15)\nat Array.forEach (<anonymous>)\n    at Context.eval (webpack:///./cypress/e2e/lab-letter/Letter.cy.js:49:15)",
                    "diff": null
                  },
                  "uuid": "9c8e8d69-6a20-46bc-9b68-f88aae8a02f3",
                  "parentUUID": "bec270b0-e105-4cc0-88e7-f39cd1a30094",
                  "isHook": false,
                  "skipped": false
                },
                {
                  "title": "Put addresses inside <address> elements",
                  "fullTitle": "0002 Block/structural semantics Put addresses inside <address> elements",
                  "timedOut": null,
                  "duration": 111,
                  "state": "passed",
                  "speed": "fast",
                  "pass": true,
                  "fail": false,
                  "pending": false,
                  "context": null,
                  "code": "const addresses = [\"Awesome Science faculty\", \"University of Awesome\", \"Bobtown, CA 99999,\", \"USA\", \"4321 Cliff Top Edge\", \"Dover, CT9 XXX\", \"UK\"];\naddresses.forEach(item => {\n  cy.contains(\"address\", item);\n});\ncy.get(\"address\").find(\"br\");",
                  "err": {},
                  "uuid": "65ca6945-02c9-4e24-b992-86f7cb91bbbf",
                  "parentUUID": "bec270b0-e105-4cc0-88e7-f39cd1a30094",
                  "isHook": false,
                  "skipped": false
                }
              ],
              "suites": [],
              "passes": [
                "ec89753f-6744-4495-90e5-e57c03ac6bea",
                "9bf6c982-837c-403f-ac03-b05afe7028d0",
                "65ca6945-02c9-4e24-b992-86f7cb91bbbf"
              ],
              "failures": [
                "9c8e8d69-6a20-46bc-9b68-f88aae8a02f3"
              ],
              "pending": [],
              "skipped": [],
              "duration": 570,
              "root": false,
              "rootEmpty": false,
              "_timeout": 2000
            },
            {
              "uuid": "6dcbcadf-7b5b-46fd-9f74-01e91b80bccd",
              "title": "Inline semantics",
              "fullFile": "",
              "file": "",
              "beforeHooks": [],
              "afterHooks": [],
              "tests": [
                {
                  "title": "Strong importance text",
                  "fullTitle": "0002 Inline semantics Strong importance text",
                  "timedOut": null,
                  "duration": 299,
                  "state": "failed",
                  "speed": null,
                  "pass": false,
                  "fail": true,
                  "pending": false,
                  "context": null,
                  "code": "cy.get(\"strong\").should(\"contain\", \"Tel:\");\ncy.get(\"strong\").should(\"contain\", \"Email:\");\ncy.get(\"strong\").should(\"contain\", \"Dr Eleanor Gaye\");\ncy.get(\"strong\").should(\"contain\", \"Miss Eileen Dover\");",
                  "err": {
                    "message": "AssertionError: Timed out retrying after 200ms: expected '[ <strong>, 3 more... ]' to contain 'Dr Eleanor Gaye'",
                    "estack": "AssertionError: Timed out retrying after 200ms: expected '[ <strong>, 3 more... ]' to contain 'Dr Eleanor Gaye'\n    at Context.eval (webpack:///./cypress/e2e/lab-letter/Letter.cy.js:85:25)",
                    "diff": null
                  },
                  "uuid": "5f7955fa-cbd8-4830-88c6-7fcd41db1d1d",
                  "parentUUID": "6dcbcadf-7b5b-46fd-9f74-01e91b80bccd",
                  "isHook": false,
                  "skipped": false
                },
                {
                  "title": "Date must be in <time> tag",
                  "fullTitle": "0002 Inline semantics Date must be in <time> tag",
                  "timedOut": null,
                  "duration": 205,
                  "state": "failed",
                  "speed": null,
                  "pass": false,
                  "fail": true,
                  "pending": false,
                  "context": null,
                  "code": "const dates = [\"20 January 2016\", \"9 September 2016\", \"15 January 2017\", \"2 May 2017\"];\ndates.forEach(item => {\n  cy.contains(\"time\", item, {\n    timeout: 100\n  });\n});",
                  "err": {
                    "message": "AssertionError: Timed out retrying after 100ms: Expected to find content: '15 January 2017' within the selector: 'time' but never did.",
                    "estack": "AssertionError: Timed out retrying after 100ms: Expected to find content: '15 January 2017' within the selector: 'time' but never did.\n    at eval (webpack:///./cypress/e2e/lab-letter/Letter.cy.js:98:13)\nat Array.forEach (<anonymous>)\n    at Context.eval (webpack:///./cypress/e2e/lab-letter/Letter.cy.js:97:14)",
                    "diff": null
                  },
                  "uuid": "13616faa-4500-45bd-b323-3a4a9658e308",
                  "parentUUID": "6dcbcadf-7b5b-46fd-9f74-01e91b80bccd",
                  "isHook": false,
                  "skipped": false
                },
                {
                  "title": "Class sender-column",
                  "fullTitle": "0002 Inline semantics Class sender-column",
                  "timedOut": null,
                  "duration": 96,
                  "state": "passed",
                  "speed": "fast",
                  "pass": true,
                  "fail": false,
                  "pending": false,
                  "context": null,
                  "code": "cy.get(\"address\").first().then($firstAdd => {\n  cy.get(\".sender-column\").children(\"address\").should($add => {\n    expect($firstAdd[0] == $add[0]).to.eq(true);\n  });\n});\ncy.get(\".sender-column\").should(\"contain\", \"20 January 2016\");",
                  "err": {},
                  "uuid": "1a50e651-956f-40e0-93ca-3d0632deb849",
                  "parentUUID": "6dcbcadf-7b5b-46fd-9f74-01e91b80bccd",
                  "isHook": false,
                  "skipped": false
                },
                {
                  "title": "Check abbreviation",
                  "fullTitle": "0002 Inline semantics Check abbreviation",
                  "timedOut": null,
                  "duration": 284,
                  "state": "failed",
                  "speed": null,
                  "pass": false,
                  "fail": true,
                  "pending": false,
                  "context": null,
                  "code": "const abbreviations = [\"PhD\", \"HTML\", \"CSS\", \"BC\", \"Esq\"];\nconst titles = [\"Doctor of Philosophy\", \"HyperText Markup Language\", \"Cascading Style Sheets\", \"Before Christ\", \"Esquire\"];\nabbreviations.forEach((item, index) => {\n  console.log(\"hello\", titles[index]);\n  cy.get(\"abbr\", {\n    timeout: 100\n  }).eq(index).should(\"contain\", item).and(\"have.attr\", \"title\", titles[index]);\n});",
                  "err": {
                    "message": "AssertionError: Timed out retrying after 200ms: expected '<abbr>' to have attribute 'title' with the value 'HyperText Markup Language', but the value was 'Hypertext Markup Language'",
                    "estack": "AssertionError: Timed out retrying after 200ms: expected '<abbr>' to have attribute 'title' with the value 'HyperText Markup Language', but the value was 'Hypertext Markup Language'\n    at eval (webpack:///./cypress/e2e/lab-letter/Letter.cy.js:131:13)\nat Array.forEach (<anonymous>)\n    at Context.eval (webpack:///./cypress/e2e/lab-letter/Letter.cy.js:126:22)",
                    "diff": "- 'Hypertext Markup Language'\n+ 'HyperText Markup Language'\n"
                  },
                  "uuid": "67b9a772-16bc-43b0-b1f7-015495dd7ad1",
                  "parentUUID": "6dcbcadf-7b5b-46fd-9f74-01e91b80bccd",
                  "isHook": false,
                  "skipped": false
                },
                {
                  "title": "Sub/superscripts",
                  "fullTitle": "0002 Inline semantics Sub/superscripts",
                  "timedOut": null,
                  "duration": 120,
                  "state": "passed",
                  "speed": "fast",
                  "pass": true,
                  "fail": false,
                  "pending": false,
                  "context": null,
                  "code": "const subscripts = [\"2\", \"14\", \"12\", \"3\"];\nconst superscripts = [\"4\", \"3\"];\nsubscripts.forEach(item => {\n  cy.contains(\"sub\", item);\n});\nsuperscripts.forEach(item => {\n  cy.contains(\"sup\", item);\n});",
                  "err": {},
                  "uuid": "2948668b-d95f-41a6-aeee-41248af981d0",
                  "parentUUID": "6dcbcadf-7b5b-46fd-9f74-01e91b80bccd",
                  "isHook": false,
                  "skipped": false
                },
                {
                  "title": "Hyperlink",
                  "fullTitle": "0002 Inline semantics Hyperlink",
                  "timedOut": null,
                  "duration": 98,
                  "state": "passed",
                  "speed": "fast",
                  "pass": true,
                  "fail": false,
                  "pending": false,
                  "context": null,
                  "code": "const links = [\"important university dates\", \"exotic dance research page\"];\nlinks.forEach((item, index) => {\n  cy.get(\"a\").eq(index).should(\"contain\", item).and(\"have.attr\", \"href\");\n});",
                  "err": {},
                  "uuid": "1454733f-0173-4c7a-8697-32c5ba9fb67d",
                  "parentUUID": "6dcbcadf-7b5b-46fd-9f74-01e91b80bccd",
                  "isHook": false,
                  "skipped": false
                },
                {
                  "title": "Quote",
                  "fullTitle": "0002 Inline semantics Quote",
                  "timedOut": null,
                  "duration": 105,
                  "state": "passed",
                  "speed": "fast",
                  "pass": true,
                  "fail": false,
                  "pending": false,
                  "context": null,
                  "code": "cy.contains(\"q\", \"Be awesome to each other.\");",
                  "err": {},
                  "uuid": "70e37adb-e3aa-43df-99af-da778731fc32",
                  "parentUUID": "6dcbcadf-7b5b-46fd-9f74-01e91b80bccd",
                  "isHook": false,
                  "skipped": false
                }
              ],
              "suites": [],
              "passes": [
                "1a50e651-956f-40e0-93ca-3d0632deb849",
                "2948668b-d95f-41a6-aeee-41248af981d0",
                "1454733f-0173-4c7a-8697-32c5ba9fb67d",
                "70e37adb-e3aa-43df-99af-da778731fc32"
              ],
              "failures": [
                "5f7955fa-cbd8-4830-88c6-7fcd41db1d1d",
                "13616faa-4500-45bd-b323-3a4a9658e308",
                "67b9a772-16bc-43b0-b1f7-015495dd7ad1"
              ],
              "pending": [],
              "skipped": [],
              "duration": 1207,
              "root": false,
              "rootEmpty": false,
              "_timeout": 2000
            },
            {
              "uuid": "90399322-40ca-401e-96c8-6fc068fd5ad1",
              "title": "The head of the document",
              "fullFile": "",
              "file": "",
              "beforeHooks": [],
              "afterHooks": [],
              "tests": [
                {
                  "title": "Meta data",
                  "fullTitle": "0002 The head of the document Meta data",
                  "timedOut": null,
                  "duration": 272,
                  "state": "failed",
                  "speed": null,
                  "pass": false,
                  "fail": true,
                  "pending": false,
                  "context": null,
                  "code": "cy.get(\"meta\").should(\"have.attr\", \"charset\", \"utf-8\");\ncy.get(\"link\").should(\"have.attr\", \"rel\", \"stylesheet\");\ncy.get(\"meta\").should(\"have.attr\", \"name\", \"author\");",
                  "err": {
                    "message": "AssertionError: Timed out retrying after 200ms: expected '[ <meta>, 2 more... ]' to have attribute 'charset' with the value 'utf-8', but the value was 'UTF-8'",
                    "estack": "AssertionError: Timed out retrying after 200ms: expected '[ <meta>, 2 more... ]' to have attribute 'charset' with the value 'utf-8', but the value was 'UTF-8'\n    at Context.eval (webpack:///./cypress/e2e/lab-letter/Letter.cy.js:168:23)",
                    "diff": "- 'UTF-8'\n+ 'utf-8'\n"
                  },
                  "uuid": "49d843b2-3b39-49a4-8603-9c723bf21efb",
                  "parentUUID": "90399322-40ca-401e-96c8-6fc068fd5ad1",
                  "isHook": false,
                  "skipped": false
                }
              ],
              "suites": [],
              "passes": [],
              "failures": [
                "49d843b2-3b39-49a4-8603-9c723bf21efb"
              ],
              "pending": [],
              "skipped": [],
              "duration": 272,
              "root": false,
              "rootEmpty": false,
              "_timeout": 2000
            }
          ],
          "passes": [],
          "failures": [],
          "pending": [],
          "skipped": [],
          "duration": 0,
          "root": false,
          "rootEmpty": false,
          "_timeout": 2000
        },
        {
          "uuid": "c0046745-0675-4507-a9c7-c0bd068b15e6",
          "title": "0003",
          "fullFile": "",
          "file": "",
          "beforeHooks": [],
          "afterHooks": [],
          "tests": [],
          "suites": [
            {
              "uuid": "7838921a-d9f2-4f06-b797-a92f25739bc7",
              "title": "Block/structural semantics",
              "fullFile": "",
              "file": "",
              "beforeHooks": [],
              "afterHooks": [],
              "tests": [
                {
                  "title": "Have Doctype",
                  "fullTitle": "0003 Block/structural semantics Have Doctype",
                  "timedOut": null,
                  "duration": 104,
                  "state": "passed",
                  "speed": "fast",
                  "pass": true,
                  "fail": false,
                  "pending": false,
                  "context": null,
                  "code": "cy.document().then(doc => {\n  expect(doc.doctype !== undefined).to.eq(true);\n  expect(doc.doctype.name).to.eq(\"html\");\n});",
                  "err": {},
                  "uuid": "953f6699-ad71-44b7-9294-cb83e0be9832",
                  "parentUUID": "7838921a-d9f2-4f06-b797-a92f25739bc7",
                  "isHook": false,
                  "skipped": false
                },
                {
                  "title": "Heading organization",
                  "fullTitle": "0003 Block/structural semantics Heading organization",
                  "timedOut": null,
                  "duration": 328,
                  "state": "failed",
                  "speed": null,
                  "pass": false,
                  "fail": true,
                  "pending": false,
                  "context": null,
                  "code": "cy.get(\"h1\").should(\"contain\", \"Re: Eileen Dover university application\");\ncy.get(\"h2\").should(\"contain\", \"Starting dates\");\ncy.get(\"h2\").should(\"contain\", \"Subjects of study\");\ncy.get(\"h2\").should(\"contain\", \"Exotic dance moves\");",
                  "err": {
                    "message": "AssertionError: Timed out retrying after 200ms: expected '[ <h2>, 1 more... ]' to contain 'Exotic dance moves'",
                    "estack": "AssertionError: Timed out retrying after 200ms: expected '[ <h2>, 1 more... ]' to contain 'Exotic dance moves'\n    at Context.eval (webpack:///./cypress/e2e/lab-letter/Letter.cy.js:27:21)",
                    "diff": null
                  },
                  "uuid": "6d3777be-01cf-4773-8648-2935d558f7f2",
                  "parentUUID": "7838921a-d9f2-4f06-b797-a92f25739bc7",
                  "isHook": false,
                  "skipped": false
                },
                {
                  "title": "Use list type to mark up list in letter",
                  "fullTitle": "0003 Block/structural semantics Use list type to mark up list in letter",
                  "timedOut": null,
                  "duration": 311,
                  "state": "failed",
                  "speed": null,
                  "pass": false,
                  "fail": true,
                  "pending": false,
                  "context": null,
                  "code": "const list = [\"First semester: 9 September 2016\", \"Second semester: 15 January 2017\", \"Third semester: 2 May 2017\", \"Turning H2O into wine, and the health benefits of Resveratrol (C14H12O3.)\", \"Measuring the effect on performance of funk bassplayers at temperatures exceeding 30°C (86°F), when the audience size exponentially increases (effect of 3 × 103 increasing to 3 × 104.)\", \"HTML and CSS constructs for representing musical scores.\"];\nconst description_list = [\"Polynesian chicken dance\", \"Icelandic brownian shuffle\", \"Arctic robot dance\"];\nlist.forEach(item => {\n  cy.contains(\"li\", item);\n});\ndescription_list.forEach(item => {\n  cy.contains(\"dt\", item);\n});",
                  "err": {
                    "message": "AssertionError: Timed out retrying after 200ms: Expected to find content: 'Turning H2O into wine, and the health benefits of Resveratrol (C14H12O3.)' within the selector: 'li' but never did.",
                    "estack": "AssertionError: Timed out retrying after 200ms: Expected to find content: 'Turning H2O into wine, and the health benefits of Resveratrol (C14H12O3.)' within the selector: 'li' but never did.\n    at eval (webpack:///./cypress/e2e/lab-letter/Letter.cy.js:50:15)\nat Array.forEach (<anonymous>)\n    at Context.eval (webpack:///./cypress/e2e/lab-letter/Letter.cy.js:49:15)",
                    "diff": null
                  },
                  "uuid": "0cff8bc4-1a5d-4d2f-b3df-95a5baa62563",
                  "parentUUID": "7838921a-d9f2-4f06-b797-a92f25739bc7",
                  "isHook": false,
                  "skipped": false
                },
                {
                  "title": "Put addresses inside <address> elements",
                  "fullTitle": "0003 Block/structural semantics Put addresses inside <address> elements",
                  "timedOut": null,
                  "duration": 121,
                  "state": "passed",
                  "speed": "fast",
                  "pass": true,
                  "fail": false,
                  "pending": false,
                  "context": null,
                  "code": "const addresses = [\"Awesome Science faculty\", \"University of Awesome\", \"Bobtown, CA 99999,\", \"USA\", \"4321 Cliff Top Edge\", \"Dover, CT9 XXX\", \"UK\"];\naddresses.forEach(item => {\n  cy.contains(\"address\", item);\n});\ncy.get(\"address\").find(\"br\");",
                  "err": {},
                  "uuid": "51cae184-b8f7-4289-8ee1-89a7edda3871",
                  "parentUUID": "7838921a-d9f2-4f06-b797-a92f25739bc7",
                  "isHook": false,
                  "skipped": false
                }
              ],
              "suites": [],
              "passes": [
                "953f6699-ad71-44b7-9294-cb83e0be9832",
                "51cae184-b8f7-4289-8ee1-89a7edda3871"
              ],
              "failures": [
                "6d3777be-01cf-4773-8648-2935d558f7f2",
                "0cff8bc4-1a5d-4d2f-b3df-95a5baa62563"
              ],
              "pending": [],
              "skipped": [],
              "duration": 864,
              "root": false,
              "rootEmpty": false,
              "_timeout": 2000
            },
            {
              "uuid": "c749609a-3b98-4245-9700-0d043169adc2",
              "title": "Inline semantics",
              "fullFile": "",
              "file": "",
              "beforeHooks": [],
              "afterHooks": [],
              "tests": [
                {
                  "title": "Strong importance text",
                  "fullTitle": "0003 Inline semantics Strong importance text",
                  "timedOut": null,
                  "duration": 309,
                  "state": "failed",
                  "speed": null,
                  "pass": false,
                  "fail": true,
                  "pending": false,
                  "context": null,
                  "code": "cy.get(\"strong\").should(\"contain\", \"Tel:\");\ncy.get(\"strong\").should(\"contain\", \"Email:\");\ncy.get(\"strong\").should(\"contain\", \"Dr Eleanor Gaye\");\ncy.get(\"strong\").should(\"contain\", \"Miss Eileen Dover\");",
                  "err": {
                    "message": "AssertionError: Timed out retrying after 200ms: expected '[ <strong>, 3 more... ]' to contain 'Dr Eleanor Gaye'",
                    "estack": "AssertionError: Timed out retrying after 200ms: expected '[ <strong>, 3 more... ]' to contain 'Dr Eleanor Gaye'\n    at Context.eval (webpack:///./cypress/e2e/lab-letter/Letter.cy.js:85:25)",
                    "diff": null
                  },
                  "uuid": "86055129-d7eb-4164-9c4a-10f118659d5e",
                  "parentUUID": "c749609a-3b98-4245-9700-0d043169adc2",
                  "isHook": false,
                  "skipped": false
                },
                {
                  "title": "Date must be in <time> tag",
                  "fullTitle": "0003 Inline semantics Date must be in <time> tag",
                  "timedOut": null,
                  "duration": 202,
                  "state": "failed",
                  "speed": null,
                  "pass": false,
                  "fail": true,
                  "pending": false,
                  "context": null,
                  "code": "const dates = [\"20 January 2016\", \"9 September 2016\", \"15 January 2017\", \"2 May 2017\"];\ndates.forEach(item => {\n  cy.contains(\"time\", item, {\n    timeout: 100\n  });\n});",
                  "err": {
                    "message": "AssertionError: Timed out retrying after 100ms: Expected to find content: '9 September 2016' within the selector: 'time' but never did.",
                    "estack": "AssertionError: Timed out retrying after 100ms: Expected to find content: '9 September 2016' within the selector: 'time' but never did.\n    at eval (webpack:///./cypress/e2e/lab-letter/Letter.cy.js:98:13)\nat Array.forEach (<anonymous>)\n    at Context.eval (webpack:///./cypress/e2e/lab-letter/Letter.cy.js:97:14)",
                    "diff": null
                  },
                  "uuid": "fbb6b8f3-58df-4317-a3b5-e2c396fea3ec",
                  "parentUUID": "c749609a-3b98-4245-9700-0d043169adc2",
                  "isHook": false,
                  "skipped": false
                },
                {
                  "title": "Class sender-column",
                  "fullTitle": "0003 Inline semantics Class sender-column",
                  "timedOut": null,
                  "duration": 104,
                  "state": "passed",
                  "speed": "fast",
                  "pass": true,
                  "fail": false,
                  "pending": false,
                  "context": null,
                  "code": "cy.get(\"address\").first().then($firstAdd => {\n  cy.get(\".sender-column\").children(\"address\").should($add => {\n    expect($firstAdd[0] == $add[0]).to.eq(true);\n  });\n});\ncy.get(\".sender-column\").should(\"contain\", \"20 January 2016\");",
                  "err": {},
                  "uuid": "f527d440-d731-4b97-a272-8dc51788f338",
                  "parentUUID": "c749609a-3b98-4245-9700-0d043169adc2",
                  "isHook": false,
                  "skipped": false
                },
                {
                  "title": "Check abbreviation",
                  "fullTitle": "0003 Inline semantics Check abbreviation",
                  "timedOut": null,
                  "duration": 311,
                  "state": "failed",
                  "speed": null,
                  "pass": false,
                  "fail": true,
                  "pending": false,
                  "context": null,
                  "code": "const abbreviations = [\"PhD\", \"HTML\", \"CSS\", \"BC\", \"Esq\"];\nconst titles = [\"Doctor of Philosophy\", \"HyperText Markup Language\", \"Cascading Style Sheets\", \"Before Christ\", \"Esquire\"];\nabbreviations.forEach((item, index) => {\n  console.log(\"hello\", titles[index]);\n  cy.get(\"abbr\", {\n    timeout: 100\n  }).eq(index).should(\"contain\", item).and(\"have.attr\", \"title\", titles[index]);\n});",
                  "err": {
                    "message": "AssertionError: Timed out retrying after 200ms: expected '<abbr>' to have attribute 'title' with the value 'Doctor of Philosophy', but the value was ''",
                    "estack": "AssertionError: Timed out retrying after 200ms: expected '<abbr>' to have attribute 'title' with the value 'Doctor of Philosophy', but the value was ''\n    at eval (webpack:///./cypress/e2e/lab-letter/Letter.cy.js:131:13)\nat Array.forEach (<anonymous>)\n    at Context.eval (webpack:///./cypress/e2e/lab-letter/Letter.cy.js:126:22)",
                    "diff": "+ 'Doctor of Philosophy'\n"
                  },
                  "uuid": "fdbf8d42-e0f0-4e47-b51a-42a0b03bac9a",
                  "parentUUID": "c749609a-3b98-4245-9700-0d043169adc2",
                  "isHook": false,
                  "skipped": false
                },
                {
                  "title": "Sub/superscripts",
                  "fullTitle": "0003 Inline semantics Sub/superscripts",
                  "timedOut": null,
                  "duration": 316,
                  "state": "failed",
                  "speed": null,
                  "pass": false,
                  "fail": true,
                  "pending": false,
                  "context": null,
                  "code": "const subscripts = [\"2\", \"14\", \"12\", \"3\"];\nconst superscripts = [\"4\", \"3\"];\nsubscripts.forEach(item => {\n  cy.contains(\"sub\", item);\n});\nsuperscripts.forEach(item => {\n  cy.contains(\"sup\", item);\n});",
                  "err": {
                    "message": "AssertionError: Timed out retrying after 200ms: Expected to find content: '12' within the selector: 'sub' but never did.",
                    "estack": "AssertionError: Timed out retrying after 200ms: Expected to find content: '12' within the selector: 'sub' but never did.\n    at eval (webpack:///./cypress/e2e/lab-letter/Letter.cy.js:140:13)\nat Array.forEach (<anonymous>)\n    at Context.eval (webpack:///./cypress/e2e/lab-letter/Letter.cy.js:139:19)",
                    "diff": null
                  },
                  "uuid": "3576093b-d545-4210-8725-a09588e70f75",
                  "parentUUID": "c749609a-3b98-4245-9700-0d043169adc2",
                  "isHook": false,
                  "skipped": false
                },
                {
                  "title": "Hyperlink",
                  "fullTitle": "0003 Inline semantics Hyperlink",
                  "timedOut": null,
                  "duration": 106,
                  "state": "passed",
                  "speed": "fast",
                  "pass": true,
                  "fail": false,
                  "pending": false,
                  "context": null,
                  "code": "const links = [\"important university dates\", \"exotic dance research page\"];\nlinks.forEach((item, index) => {\n  cy.get(\"a\").eq(index).should(\"contain\", item).and(\"have.attr\", \"href\");\n});",
                  "err": {},
                  "uuid": "c65f62b6-6789-4094-8e96-483281c8dca9",
                  "parentUUID": "c749609a-3b98-4245-9700-0d043169adc2",
                  "isHook": false,
                  "skipped": false
                },
                {
                  "title": "Quote",
                  "fullTitle": "0003 Inline semantics Quote",
                  "timedOut": null,
                  "duration": 323,
                  "state": "failed",
                  "speed": null,
                  "pass": false,
                  "fail": true,
                  "pending": false,
                  "context": null,
                  "code": "cy.contains(\"q\", \"Be awesome to each other.\");",
                  "err": {
                    "message": "AssertionError: Timed out retrying after 200ms: Expected to find content: 'Be awesome to each other.' within the selector: 'q' but never did.",
                    "estack": "AssertionError: Timed out retrying after 200ms: Expected to find content: 'Be awesome to each other.' within the selector: 'q' but never did.\n    at Context.eval (webpack:///./cypress/e2e/lab-letter/Letter.cy.js:162:11)",
                    "diff": null
                  },
                  "uuid": "e0ec73dc-f209-4810-8017-5e1cf27da57b",
                  "parentUUID": "c749609a-3b98-4245-9700-0d043169adc2",
                  "isHook": false,
                  "skipped": false
                }
              ],
              "suites": [],
              "passes": [
                "f527d440-d731-4b97-a272-8dc51788f338",
                "c65f62b6-6789-4094-8e96-483281c8dca9"
              ],
              "failures": [
                "86055129-d7eb-4164-9c4a-10f118659d5e",
                "fbb6b8f3-58df-4317-a3b5-e2c396fea3ec",
                "fdbf8d42-e0f0-4e47-b51a-42a0b03bac9a",
                "3576093b-d545-4210-8725-a09588e70f75",
                "e0ec73dc-f209-4810-8017-5e1cf27da57b"
              ],
              "pending": [],
              "skipped": [],
              "duration": 1671,
              "root": false,
              "rootEmpty": false,
              "_timeout": 2000
            },
            {
              "uuid": "a21eff79-e507-4db5-930b-2d8d48742180",
              "title": "The head of the document",
              "fullFile": "",
              "file": "",
              "beforeHooks": [],
              "afterHooks": [],
              "tests": [
                {
                  "title": "Meta data",
                  "fullTitle": "0003 The head of the document Meta data",
                  "timedOut": null,
                  "duration": 295,
                  "state": "failed",
                  "speed": null,
                  "pass": false,
                  "fail": true,
                  "pending": false,
                  "context": null,
                  "code": "cy.get(\"meta\").should(\"have.attr\", \"charset\", \"utf-8\");\ncy.get(\"link\").should(\"have.attr\", \"rel\", \"stylesheet\");\ncy.get(\"meta\").should(\"have.attr\", \"name\", \"author\");",
                  "err": {
                    "message": "AssertionError: Timed out retrying after 200ms: expected '[ <meta>, 2 more... ]' to have attribute 'charset' with the value 'utf-8', but the value was 'UTF-8'",
                    "estack": "AssertionError: Timed out retrying after 200ms: expected '[ <meta>, 2 more... ]' to have attribute 'charset' with the value 'utf-8', but the value was 'UTF-8'\n    at Context.eval (webpack:///./cypress/e2e/lab-letter/Letter.cy.js:168:23)",
                    "diff": "- 'UTF-8'\n+ 'utf-8'\n"
                  },
                  "uuid": "66037d05-c310-47bb-8f46-c0050a78a94c",
                  "parentUUID": "a21eff79-e507-4db5-930b-2d8d48742180",
                  "isHook": false,
                  "skipped": false
                }
              ],
              "suites": [],
              "passes": [],
              "failures": [
                "66037d05-c310-47bb-8f46-c0050a78a94c"
              ],
              "pending": [],
              "skipped": [],
              "duration": 295,
              "root": false,
              "rootEmpty": false,
              "_timeout": 2000
            }
          ],
          "passes": [],
          "failures": [],
          "pending": [],
          "skipped": [],
          "duration": 0,
          "root": false,
          "rootEmpty": false,
          "_timeout": 2000
        }
      ],
      "passes": [],
      "failures": [],
      "pending": [],
      "skipped": [],
      "duration": 0,
      "root": true,
      "rootEmpty": true,
      "_timeout": 2000
    }
  ],
  "meta": {
    "mocha": {
      "version": "7.0.1"
    },
    "mochawesome": {
      "options": {
        "quiet": false,
        "reportFilename": "report",
        "saveHtml": false,
        "saveJson": true,
        "consoleReporter": "spec",
        "useInlineDiffs": false,
        "code": true
      },
      "version": "7.1.3"
    },
    "marge": {
      "options": {
        "reportDir": "cypress/results",
        "reportFilename": "report",
        "overwrite": true,
        "html": false,
        "json": true
      },
      "version": "6.2.0"
    }
  }
}