{
  "stats": {
    "suites": 1,
    "tests": 1,
    "passes": 0,
    "pending": 0,
    "failures": 1,
    "start": "2023-04-18T13:30:20.731Z",
    "end": "2023-04-18T13:30:33.363Z",
    "duration": 12632,
    "testsRegistered": 10,
    "passPercent": 0,
    "pendingPercent": 0,
    "other": 0,
    "hasOther": false,
    "skipped": 9,
    "hasSkipped": true
  },
  "results": [
    {
      "uuid": "654f4132-873b-4c14-97e4-b2f2579d5a9f",
      "title": "",
      "fullFile": "cypress\\e2e\\Testing\\Form.cy.js",
      "file": "cypress\\e2e\\Testing\\Form.cy.js",
      "beforeHooks": [],
      "afterHooks": [],
      "tests": [],
      "suites": [
        {
          "uuid": "3720e641-b368-4c99-aec5-4a437587e70f",
          "title": "Bài số 1",
          "fullFile": "",
          "file": "",
          "beforeHooks": [],
          "afterHooks": [],
          "tests": [
            {
              "title": "Đặt tâm điểm vào ô nhập họ tên khi mới vào trang",
              "fullTitle": "Bài số 1 Đặt tâm điểm vào ô nhập họ tên khi mới vào trang",
              "timedOut": null,
              "duration": 10191,
              "state": "failed",
              "speed": null,
              "pass": false,
              "fail": true,
              "pending": false,
              "context": null,
              "code": "cy.get('label:contains(\"Họ tên\")').next(\"input\").should(\"have.focus\");\n// cy.get(\"input\").first().should(\"have.focus\");",
              "err": {
                "message": "CypressError: Timed out after waiting `10000ms` for your remote page to load.\n\nYour page did not fire its `load` event within `10000ms`.\n\nYou can try increasing the `pageLoadTimeout` value in `cypress.config.js` to wait longer.\n\nBrowsers will not fire the `load` event until all stylesheets and scripts are done downloading.\n\nWhen this `load` event occurs, Cypress will continue running commands.\n\nBecause this error occurred during a `before each` hook we are skipping the remaining tests in the current suite: `Bài số 1`",
                "estack": "CypressError: Timed out after waiting `10000ms` for your remote page to load.\n\nYour page did not fire its `load` event within `10000ms`.\n\nYou can try increasing the `pageLoadTimeout` value in `cypress.config.js` to wait longer.\n\nBrowsers will not fire the `load` event until all stylesheets and scripts are done downloading.\n\nWhen this `load` event occurs, Cypress will continue running commands.\n\nBecause this error occurred during a `before each` hook we are skipping the remaining tests in the current suite: `Bài số 1`\n    at timedOutWaitingForPageLoad (http://localhost/__cypress/runner/cypress_runner.js:137291:72)\n    at <unknown> (http://localhost/__cypress/runner/cypress_runner.js:138265:16)\n    at tryCatcher (http://localhost/__cypress/runner/cypress_runner.js:8914:23)\n    at <unknown> (http://localhost/__cypress/runner/cypress_runner.js:4036:41)\n    at tryCatcher (http://localhost/__cypress/runner/cypress_runner.js:8914:23)\n    at Promise._settlePromiseFromHandler (http://localhost/__cypress/runner/cypress_runner.js:6849:31)\n    at Promise._settlePromise (http://localhost/__cypress/runner/cypress_runner.js:6906:18)\n    at Promise._settlePromise0 (http://localhost/__cypress/runner/cypress_runner.js:6951:10)\n    at Promise._settlePromises (http://localhost/__cypress/runner/cypress_runner.js:7027:18)\n    at _drainQueueStep (http://localhost/__cypress/runner/cypress_runner.js:3621:12)\n    at _drainQueue (http://localhost/__cypress/runner/cypress_runner.js:3614:9)\n    at ../../node_modules/bluebird/js/release/async.js.Async._drainQueues (http://localhost/__cypress/runner/cypress_runner.js:3630:5)\n    at Async.drainQueues (http://localhost/__cypress/runner/cypress_runner.js:3500:14)\nFrom Your Spec Code:\n    at Context.eval (webpack:///./cypress/e2e/Testing/Form.cy.js:12:7)",
                "diff": null
              },
              "uuid": "3c80957a-6626-4d3c-9e40-d9a8d9f65fc3",
              "parentUUID": "3720e641-b368-4c99-aec5-4a437587e70f",
              "isHook": false,
              "skipped": false
            },
            {
              "title": "Gõ Enter sau khi nhập xong để chuyển sang ô tiếp theo",
              "fullTitle": "Bài số 1 Gõ Enter sau khi nhập xong để chuyển sang ô tiếp theo",
              "timedOut": null,
              "duration": 0,
              "state": "skipped",
              "speed": null,
              "pass": false,
              "fail": false,
              "pending": false,
              "context": null,
              "code": "cy.get(\"input\").first().type(\"nguyễn văn a\").type(\"{enter}\");\ncy.get(\"input\").eq(1).should(\"have.focus\");",
              "err": {},
              "uuid": "8c00261b-9a09-459a-841f-104f2fbc428e",
              "parentUUID": "3720e641-b368-4c99-aec5-4a437587e70f",
              "isHook": false,
              "skipped": true
            },
            {
              "title": "Đánh dấu các ô phải nhập với nền xanh",
              "fullTitle": "Bài số 1 Đánh dấu các ô phải nhập với nền xanh",
              "timedOut": null,
              "duration": 0,
              "state": "skipped",
              "speed": null,
              "pass": false,
              "fail": false,
              "pending": false,
              "context": null,
              "code": "cy.get(\"label\").contains(/Họ tên|Họ Tên/g).next(\"input\").should(\"have.css\", \"background-color\");\ncy.get(\"label\").contains(/Ngày sinh|Ngày Sinh/g).next(\"input\").should(\"have.css\", \"background-color\");\ncy.get(\"label\").contains(/Email|E-mail/g).next(\"input\").should(\"have.css\", \"background-color\");\ncy.get(\"label\").contains(/Tên sử dụng|Tên Sử Dụng/g).next(\"input\").should(\"have.css\", \"background-color\");",
              "err": {},
              "uuid": "bd09c31e-61bd-44fe-b40c-e860814c0964",
              "parentUUID": "3720e641-b368-4c99-aec5-4a437587e70f",
              "isHook": false,
              "skipped": true
            },
            {
              "title": "Chuẩn hóa họ tên khi nhập xong ô Họ tên",
              "fullTitle": "Bài số 1 Chuẩn hóa họ tên khi nhập xong ô Họ tên",
              "timedOut": null,
              "duration": 0,
              "state": "skipped",
              "speed": null,
              "pass": false,
              "fail": false,
              "pending": false,
              "context": null,
              "code": "cy.get(\"label\").contains(/Họ tên|Họ Tên/g).next(\"input\").type(\"nguyễn văn nam\").blur().should(\"have.value\", \"Nguyễn Văn Nam\");\ncy.get(\"label\").contains(/Họ tên|Họ Tên/g).next(\"input\").clear().type(\"nguyễn thị    an\").blur().should(\"have.value\", \"Nguyễn Thị An\");",
              "err": {},
              "uuid": "c78d4a6e-c7b0-440f-adf6-3e8fe617e303",
              "parentUUID": "3720e641-b368-4c99-aec5-4a437587e70f",
              "isHook": false,
              "skipped": true
            },
            {
              "title": "Thông báo khi chưa nhập email",
              "fullTitle": "Bài số 1 Thông báo khi chưa nhập email",
              "timedOut": null,
              "duration": 0,
              "state": "skipped",
              "speed": null,
              "pass": false,
              "fail": false,
              "pending": false,
              "context": null,
              "code": "cy.get(\"label\").contains(/Email|E-mail/g).next(\"input\").click();\ncy.get(\"input[value='Chấp nhận'],input[value='Đăng ký'], button:contains('Chấp nhận'), button:contains('Đăng ký')\").click();\ncy.get(\"label\").contains(/Email|E-mail/g).next(\"input\").next(\"span\").should(\"contain.text\", \"nhập\");",
              "err": {},
              "uuid": "800f98a8-4c7f-4fc3-9b44-6a5ae315e504",
              "parentUUID": "3720e641-b368-4c99-aec5-4a437587e70f",
              "isHook": false,
              "skipped": true
            },
            {
              "title": "Thông báo khi email không đúng định dạng",
              "fullTitle": "Bài số 1 Thông báo khi email không đúng định dạng",
              "timedOut": null,
              "duration": 0,
              "state": "skipped",
              "speed": null,
              "pass": false,
              "fail": false,
              "pending": false,
              "context": null,
              "code": "cy.get(\"label\").contains(/Email|E-mail/g).next(\"input\").type(\"abc@gmail\");\ncy.get(\"input[value='Chấp nhận'],input[value='Đăng ký'], button:contains('Chấp nhận'), button:contains('Đăng ký')\").click();\ncy.get(\"label\").contains(/Email|E-mail/g).next(\"input\").next(\"span\").contains(/định dạng|Định dạng|hợp lệ/g);",
              "err": {},
              "uuid": "0b2aa5cb-e66d-45eb-ae8c-55d6313599f0",
              "parentUUID": "3720e641-b368-4c99-aec5-4a437587e70f",
              "isHook": false,
              "skipped": true
            },
            {
              "title": "Thông báo khi ngày sinh không đúng định dạng",
              "fullTitle": "Bài số 1 Thông báo khi ngày sinh không đúng định dạng",
              "timedOut": null,
              "duration": 0,
              "state": "skipped",
              "speed": null,
              "pass": false,
              "fail": false,
              "pending": false,
              "context": null,
              "code": "cy.get(\"label\").contains(\"Ngày sinh\").next(\"input\").type(20052001);\ncy.get(\"input[value='Chấp nhận'],input[value='Đăng ký'], button:contains('Chấp nhận'), button:contains('Đăng ký')\").click();\ncy.get(\"label\").contains(/Ngày sinh|Ngày Sinh/g).next(\"input\").next(\"span\").contains(/định dạng|Định dạng|hợp lệ/g);",
              "err": {},
              "uuid": "ac6e6b12-02cb-45a0-9a1c-87c8b93a8a1d",
              "parentUUID": "3720e641-b368-4c99-aec5-4a437587e70f",
              "isHook": false,
              "skipped": true
            },
            {
              "title": "Tự động thêm dấu cách khi nhập đủ ngày hoặc tháng",
              "fullTitle": "Bài số 1 Tự động thêm dấu cách khi nhập đủ ngày hoặc tháng",
              "timedOut": null,
              "duration": 0,
              "state": "skipped",
              "speed": null,
              "pass": false,
              "fail": false,
              "pending": false,
              "context": null,
              "code": "cy.get(\"label\").contains(/Ngày sinh|Ngày Sinh/g).next(\"input\").type(\"10022001\").blur().should(\"have.value\", \"10/02/2001\");",
              "err": {},
              "uuid": "73159e03-90b5-4091-877c-19ee4bf021d0",
              "parentUUID": "3720e641-b368-4c99-aec5-4a437587e70f",
              "isHook": false,
              "skipped": true
            },
            {
              "title": "Có kiểm tra trùng khớp mật khẩu",
              "fullTitle": "Bài số 1 Có kiểm tra trùng khớp mật khẩu",
              "timedOut": null,
              "duration": 0,
              "state": "skipped",
              "speed": null,
              "pass": false,
              "fail": false,
              "pending": false,
              "context": null,
              "code": "cy.get(\"input[type='password']\").eq(0).type(\"1234\");\ncy.get(\"input[type='password']\").eq(1).type(\"12345\");\ncy.get(\"input[value='Chấp nhận'],input[value='Đăng ký'], button:contains('Chấp nhận'), button:contains('Đăng ký')\").click();\ncy.get(\"input[type='password']\").next(\"span\").contains(\"Mật khẩu\");",
              "err": {},
              "uuid": "1765abde-b0b1-4b64-abfa-4cf2343555c1",
              "parentUUID": "3720e641-b368-4c99-aec5-4a437587e70f",
              "isHook": false,
              "skipped": true
            },
            {
              "title": "Kiểm tra các thông tin đã được nhập hay chưa khi ấn nút chấp nhận",
              "fullTitle": "Bài số 1 Kiểm tra các thông tin đã được nhập hay chưa khi ấn nút chấp nhận",
              "timedOut": null,
              "duration": 0,
              "state": "skipped",
              "speed": null,
              "pass": false,
              "fail": false,
              "pending": false,
              "context": null,
              "code": "cy.get(\"input[value='Chấp nhận'],input[value='Đăng ký'], button:contains('Chấp nhận'), button:contains('Đăng ký')\").click();\ncy.get(\"label\").contains(/Họ tên|Họ Tên/g).next(\"input\").next(\"span\").should(\"contain.text\", \"nhập\");\ncy.get(\"label\").contains(/Ngày sinh|Ngày Sinh/g).next(\"input\").next(\"span\").should(\"contain.text\", \"nhập\");\ncy.get(\"label\").contains(/Email|E-mail/g).next(\"input\").next(\"span\").should(\"contain.text\", \"nhập\");\ncy.get(\"label\").contains(/Tên sử dụng|Tên Sử Dụng/g).next(\"input\").next(\"span\").should(\"contain.text\", \"nhập\");\ncy.get(\"input[type='password']\").next(\"span\").contains(\"nhập\");",
              "err": {},
              "uuid": "4fb240f0-85e0-400e-80c9-8bea7bce1b5f",
              "parentUUID": "3720e641-b368-4c99-aec5-4a437587e70f",
              "isHook": false,
              "skipped": true
            }
          ],
          "suites": [],
          "passes": [],
          "failures": [
            "3c80957a-6626-4d3c-9e40-d9a8d9f65fc3"
          ],
          "pending": [],
          "skipped": [
            "8c00261b-9a09-459a-841f-104f2fbc428e",
            "bd09c31e-61bd-44fe-b40c-e860814c0964",
            "c78d4a6e-c7b0-440f-adf6-3e8fe617e303",
            "800f98a8-4c7f-4fc3-9b44-6a5ae315e504",
            "0b2aa5cb-e66d-45eb-ae8c-55d6313599f0",
            "ac6e6b12-02cb-45a0-9a1c-87c8b93a8a1d",
            "73159e03-90b5-4091-877c-19ee4bf021d0",
            "1765abde-b0b1-4b64-abfa-4cf2343555c1",
            "4fb240f0-85e0-400e-80c9-8bea7bce1b5f"
          ],
          "duration": 10191,
          "root": false,
          "rootEmpty": false,
          "_timeout": 2000
        }
      ],
      "passes": [],
      "failures": [],
      "pending": [],
      "skipped": [],
      "duration": 0,
      "root": true,
      "rootEmpty": true,
      "_timeout": 2000
    }
  ],
  "meta": {
    "mocha": {
      "version": "7.0.1"
    },
    "mochawesome": {
      "options": {
        "quiet": false,
        "reportFilename": "report",
        "saveHtml": false,
        "saveJson": true,
        "consoleReporter": "spec",
        "useInlineDiffs": false,
        "code": true
      },
      "version": "7.1.3"
    },
    "marge": {
      "options": {
        "reportDir": "cypress/results",
        "reportFilename": "report",
        "overwrite": true,
        "html": false,
        "json": true
      },
      "version": "6.2.0"
    }
  }
}